{"/home/duff/SuperComponents/src/index.ts": {"path":"/home/duff/SuperComponents/src/index.ts","all":false,"statementMap":{"1":{"start":{"line":2,"column":0},"end":{"line":2,"column":51}},"3":{"start":{"line":4,"column":0},"end":{"line":4,"column":23}},"4":{"start":{"line":5,"column":0},"end":{"line":5,"column":44}},"5":{"start":{"line":6,"column":0},"end":{"line":6,"column":22}},"6":{"start":{"line":7,"column":0},"end":{"line":7,"column":1}},"8":{"start":{"line":9,"column":0},"end":{"line":9,"column":25}},"9":{"start":{"line":10,"column":0},"end":{"line":10,"column":49}},"10":{"start":{"line":11,"column":0},"end":{"line":11,"column":17}},"11":{"start":{"line":12,"column":0},"end":{"line":12,"column":2}}},"s":{"1":1,"3":1,"4":1,"5":1,"6":1,"8":1,"9":0,"10":0,"11":0},"branchMap":{"0":{"type":"branch","line":4,"loc":{"start":{"line":4,"column":0},"end":{"line":7,"column":1}},"locations":[{"start":{"line":4,"column":0},"end":{"line":7,"column":1}}]}},"b":{"0":[1]},"fnMap":{"0":{"name":"main","decl":{"start":{"line":4,"column":0},"end":{"line":7,"column":1}},"loc":{"start":{"line":4,"column":0},"end":{"line":7,"column":1}},"line":4}},"f":{"0":1}}
,"/home/duff/SuperComponents/src/server.ts": {"path":"/home/duff/SuperComponents/src/server.ts","all":false,"statementMap":{"0":{"start":{"line":1,"column":0},"end":{"line":1,"column":66}},"1":{"start":{"line":2,"column":0},"end":{"line":2,"column":80}},"2":{"start":{"line":3,"column":0},"end":{"line":3,"column":8}},"9":{"start":{"line":10,"column":0},"end":{"line":10,"column":57}},"10":{"start":{"line":11,"column":0},"end":{"line":11,"column":74}},"11":{"start":{"line":12,"column":0},"end":{"line":12,"column":78}},"12":{"start":{"line":13,"column":0},"end":{"line":13,"column":80}},"13":{"start":{"line":14,"column":0},"end":{"line":14,"column":76}},"14":{"start":{"line":15,"column":0},"end":{"line":15,"column":82}},"15":{"start":{"line":16,"column":0},"end":{"line":16,"column":84}},"16":{"start":{"line":17,"column":0},"end":{"line":17,"column":80}},"17":{"start":{"line":18,"column":0},"end":{"line":18,"column":80}},"19":{"start":{"line":20,"column":0},"end":{"line":20,"column":36}},"20":{"start":{"line":21,"column":0},"end":{"line":21,"column":24}},"22":{"start":{"line":23,"column":0},"end":{"line":23,"column":17}},"23":{"start":{"line":24,"column":0},"end":{"line":24,"column":29}},"24":{"start":{"line":25,"column":0},"end":{"line":25,"column":7}},"25":{"start":{"line":26,"column":0},"end":{"line":26,"column":40}},"26":{"start":{"line":27,"column":0},"end":{"line":27,"column":25}},"27":{"start":{"line":28,"column":0},"end":{"line":28,"column":8}},"28":{"start":{"line":29,"column":0},"end":{"line":29,"column":7}},"29":{"start":{"line":30,"column":0},"end":{"line":30,"column":23}},"30":{"start":{"line":31,"column":0},"end":{"line":31,"column":20}},"31":{"start":{"line":32,"column":0},"end":{"line":32,"column":22}},"32":{"start":{"line":33,"column":0},"end":{"line":33,"column":10}},"33":{"start":{"line":34,"column":0},"end":{"line":34,"column":7}},"34":{"start":{"line":35,"column":0},"end":{"line":35,"column":5}},"36":{"start":{"line":37,"column":0},"end":{"line":37,"column":24}},"37":{"start":{"line":38,"column":0},"end":{"line":38,"column":3}},"39":{"start":{"line":40,"column":0},"end":{"line":40,"column":27}},"41":{"start":{"line":42,"column":0},"end":{"line":42,"column":72}},"42":{"start":{"line":43,"column":0},"end":{"line":43,"column":14}},"43":{"start":{"line":44,"column":0},"end":{"line":44,"column":9}},"44":{"start":{"line":45,"column":0},"end":{"line":45,"column":31}},"45":{"start":{"line":46,"column":0},"end":{"line":46,"column":22}},"46":{"start":{"line":47,"column":0},"end":{"line":47,"column":104}},"47":{"start":{"line":48,"column":0},"end":{"line":48,"column":24}},"48":{"start":{"line":49,"column":0},"end":{"line":49,"column":27}},"49":{"start":{"line":50,"column":0},"end":{"line":50,"column":25}},"50":{"start":{"line":51,"column":0},"end":{"line":51,"column":28}},"51":{"start":{"line":52,"column":0},"end":{"line":52,"column":31}},"52":{"start":{"line":53,"column":0},"end":{"line":53,"column":51}},"53":{"start":{"line":54,"column":0},"end":{"line":54,"column":16}},"54":{"start":{"line":55,"column":0},"end":{"line":55,"column":28}},"55":{"start":{"line":56,"column":0},"end":{"line":56,"column":31}},"56":{"start":{"line":57,"column":0},"end":{"line":57,"column":64}},"57":{"start":{"line":58,"column":0},"end":{"line":58,"column":16}},"58":{"start":{"line":59,"column":0},"end":{"line":59,"column":14}},"59":{"start":{"line":60,"column":0},"end":{"line":60,"column":53}},"60":{"start":{"line":61,"column":0},"end":{"line":61,"column":12}},"61":{"start":{"line":62,"column":0},"end":{"line":62,"column":10}},"62":{"start":{"line":63,"column":0},"end":{"line":63,"column":9}},"63":{"start":{"line":64,"column":0},"end":{"line":64,"column":40}},"64":{"start":{"line":65,"column":0},"end":{"line":65,"column":22}},"65":{"start":{"line":66,"column":0},"end":{"line":66,"column":70}},"66":{"start":{"line":67,"column":0},"end":{"line":67,"column":24}},"67":{"start":{"line":68,"column":0},"end":{"line":68,"column":27}},"68":{"start":{"line":69,"column":0},"end":{"line":69,"column":25}},"69":{"start":{"line":70,"column":0},"end":{"line":70,"column":23}},"70":{"start":{"line":71,"column":0},"end":{"line":71,"column":31}},"71":{"start":{"line":72,"column":0},"end":{"line":72,"column":28}},"72":{"start":{"line":73,"column":0},"end":{"line":73,"column":80}},"73":{"start":{"line":74,"column":0},"end":{"line":74,"column":16}},"74":{"start":{"line":75,"column":0},"end":{"line":75,"column":27}},"75":{"start":{"line":76,"column":0},"end":{"line":76,"column":31}},"76":{"start":{"line":77,"column":0},"end":{"line":77,"column":47}},"77":{"start":{"line":78,"column":0},"end":{"line":78,"column":50}},"78":{"start":{"line":79,"column":0},"end":{"line":79,"column":16}},"79":{"start":{"line":80,"column":0},"end":{"line":80,"column":14}},"80":{"start":{"line":81,"column":0},"end":{"line":81,"column":47}},"81":{"start":{"line":82,"column":0},"end":{"line":82,"column":12}},"82":{"start":{"line":83,"column":0},"end":{"line":83,"column":10}},"83":{"start":{"line":84,"column":0},"end":{"line":84,"column":9}},"84":{"start":{"line":85,"column":0},"end":{"line":85,"column":42}},"85":{"start":{"line":86,"column":0},"end":{"line":86,"column":22}},"86":{"start":{"line":87,"column":0},"end":{"line":87,"column":74}},"87":{"start":{"line":88,"column":0},"end":{"line":88,"column":24}},"88":{"start":{"line":89,"column":0},"end":{"line":89,"column":27}},"89":{"start":{"line":90,"column":0},"end":{"line":90,"column":25}},"90":{"start":{"line":91,"column":0},"end":{"line":91,"column":27}},"91":{"start":{"line":92,"column":0},"end":{"line":92,"column":31}},"92":{"start":{"line":93,"column":0},"end":{"line":93,"column":67}},"93":{"start":{"line":94,"column":0},"end":{"line":94,"column":16}},"94":{"start":{"line":95,"column":0},"end":{"line":95,"column":23}},"95":{"start":{"line":96,"column":0},"end":{"line":96,"column":31}},"96":{"start":{"line":97,"column":0},"end":{"line":97,"column":40}},"97":{"start":{"line":98,"column":0},"end":{"line":98,"column":59}},"98":{"start":{"line":99,"column":0},"end":{"line":99,"column":16}},"99":{"start":{"line":100,"column":0},"end":{"line":100,"column":14}},"100":{"start":{"line":101,"column":0},"end":{"line":101,"column":37}},"101":{"start":{"line":102,"column":0},"end":{"line":102,"column":12}},"102":{"start":{"line":103,"column":0},"end":{"line":103,"column":10}},"103":{"start":{"line":104,"column":0},"end":{"line":104,"column":9}},"104":{"start":{"line":105,"column":0},"end":{"line":105,"column":43}},"105":{"start":{"line":106,"column":0},"end":{"line":106,"column":22}},"106":{"start":{"line":107,"column":0},"end":{"line":107,"column":74}},"107":{"start":{"line":108,"column":0},"end":{"line":108,"column":24}},"108":{"start":{"line":109,"column":0},"end":{"line":109,"column":27}},"109":{"start":{"line":110,"column":0},"end":{"line":110,"column":27}},"110":{"start":{"line":111,"column":0},"end":{"line":111,"column":12}},"111":{"start":{"line":112,"column":0},"end":{"line":112,"column":10}},"112":{"start":{"line":113,"column":0},"end":{"line":113,"column":9}},"113":{"start":{"line":114,"column":0},"end":{"line":114,"column":41}},"114":{"start":{"line":115,"column":0},"end":{"line":115,"column":22}},"115":{"start":{"line":116,"column":0},"end":{"line":116,"column":82}},"116":{"start":{"line":117,"column":0},"end":{"line":117,"column":24}},"117":{"start":{"line":118,"column":0},"end":{"line":118,"column":27}},"118":{"start":{"line":119,"column":0},"end":{"line":119,"column":25}},"119":{"start":{"line":120,"column":0},"end":{"line":120,"column":27}},"120":{"start":{"line":121,"column":0},"end":{"line":121,"column":31}},"121":{"start":{"line":122,"column":0},"end":{"line":122,"column":68}},"122":{"start":{"line":123,"column":0},"end":{"line":123,"column":16}},"123":{"start":{"line":124,"column":0},"end":{"line":124,"column":23}},"124":{"start":{"line":125,"column":0},"end":{"line":125,"column":31}},"125":{"start":{"line":126,"column":0},"end":{"line":126,"column":64}},"126":{"start":{"line":127,"column":0},"end":{"line":127,"column":16}},"127":{"start":{"line":128,"column":0},"end":{"line":128,"column":14}},"128":{"start":{"line":129,"column":0},"end":{"line":129,"column":12}},"129":{"start":{"line":130,"column":0},"end":{"line":130,"column":10}},"130":{"start":{"line":131,"column":0},"end":{"line":131,"column":9}},"131":{"start":{"line":132,"column":0},"end":{"line":132,"column":52}},"132":{"start":{"line":133,"column":0},"end":{"line":133,"column":22}},"133":{"start":{"line":134,"column":0},"end":{"line":134,"column":81}},"134":{"start":{"line":135,"column":0},"end":{"line":135,"column":24}},"135":{"start":{"line":136,"column":0},"end":{"line":136,"column":27}},"136":{"start":{"line":137,"column":0},"end":{"line":137,"column":25}},"137":{"start":{"line":138,"column":0},"end":{"line":138,"column":30}},"138":{"start":{"line":139,"column":0},"end":{"line":139,"column":31}},"139":{"start":{"line":140,"column":0},"end":{"line":140,"column":78}},"140":{"start":{"line":141,"column":0},"end":{"line":141,"column":16}},"141":{"start":{"line":142,"column":0},"end":{"line":142,"column":27}},"142":{"start":{"line":143,"column":0},"end":{"line":143,"column":31}},"143":{"start":{"line":144,"column":0},"end":{"line":144,"column":68}},"144":{"start":{"line":145,"column":0},"end":{"line":145,"column":16}},"145":{"start":{"line":146,"column":0},"end":{"line":146,"column":23}},"146":{"start":{"line":147,"column":0},"end":{"line":147,"column":31}},"147":{"start":{"line":148,"column":0},"end":{"line":148,"column":64}},"148":{"start":{"line":149,"column":0},"end":{"line":149,"column":16}},"149":{"start":{"line":150,"column":0},"end":{"line":150,"column":14}},"150":{"start":{"line":151,"column":0},"end":{"line":151,"column":40}},"151":{"start":{"line":152,"column":0},"end":{"line":152,"column":12}},"152":{"start":{"line":153,"column":0},"end":{"line":153,"column":10}},"153":{"start":{"line":154,"column":0},"end":{"line":154,"column":8}},"154":{"start":{"line":155,"column":0},"end":{"line":155,"column":7}},"157":{"start":{"line":158,"column":0},"end":{"line":158,"column":74}},"158":{"start":{"line":159,"column":0},"end":{"line":159,"column":16}},"159":{"start":{"line":160,"column":0},"end":{"line":160,"column":9}},"160":{"start":{"line":161,"column":0},"end":{"line":161,"column":43}},"161":{"start":{"line":162,"column":0},"end":{"line":162,"column":22}},"162":{"start":{"line":163,"column":0},"end":{"line":163,"column":74}},"163":{"start":{"line":164,"column":0},"end":{"line":164,"column":10}},"164":{"start":{"line":165,"column":0},"end":{"line":165,"column":9}},"165":{"start":{"line":166,"column":0},"end":{"line":166,"column":41}},"166":{"start":{"line":167,"column":0},"end":{"line":167,"column":22}},"167":{"start":{"line":168,"column":0},"end":{"line":168,"column":82}},"168":{"start":{"line":169,"column":0},"end":{"line":169,"column":10}},"169":{"start":{"line":170,"column":0},"end":{"line":170,"column":9}},"170":{"start":{"line":171,"column":0},"end":{"line":171,"column":52}},"171":{"start":{"line":172,"column":0},"end":{"line":172,"column":22}},"172":{"start":{"line":173,"column":0},"end":{"line":173,"column":81}},"173":{"start":{"line":174,"column":0},"end":{"line":174,"column":10}},"174":{"start":{"line":175,"column":0},"end":{"line":175,"column":8}},"175":{"start":{"line":176,"column":0},"end":{"line":176,"column":7}},"178":{"start":{"line":179,"column":0},"end":{"line":179,"column":77}},"179":{"start":{"line":180,"column":0},"end":{"line":180,"column":49}},"181":{"start":{"line":182,"column":0},"end":{"line":182,"column":36}},"182":{"start":{"line":183,"column":0},"end":{"line":183,"column":28}},"183":{"start":{"line":184,"column":0},"end":{"line":184,"column":51}},"184":{"start":{"line":185,"column":0},"end":{"line":185,"column":37}},"185":{"start":{"line":186,"column":0},"end":{"line":186,"column":59}},"186":{"start":{"line":187,"column":0},"end":{"line":187,"column":39}},"187":{"start":{"line":188,"column":0},"end":{"line":188,"column":61}},"188":{"start":{"line":189,"column":0},"end":{"line":189,"column":40}},"189":{"start":{"line":190,"column":0},"end":{"line":190,"column":62}},"190":{"start":{"line":191,"column":0},"end":{"line":191,"column":38}},"191":{"start":{"line":192,"column":0},"end":{"line":192,"column":60}},"192":{"start":{"line":193,"column":0},"end":{"line":193,"column":49}},"193":{"start":{"line":194,"column":0},"end":{"line":194,"column":63}},"194":{"start":{"line":195,"column":0},"end":{"line":195,"column":16}},"195":{"start":{"line":196,"column":0},"end":{"line":196,"column":65}},"196":{"start":{"line":197,"column":0},"end":{"line":197,"column":7}},"197":{"start":{"line":198,"column":0},"end":{"line":198,"column":6}},"200":{"start":{"line":201,"column":0},"end":{"line":201,"column":78}},"201":{"start":{"line":202,"column":0},"end":{"line":202,"column":49}},"203":{"start":{"line":204,"column":0},"end":{"line":204,"column":36}},"204":{"start":{"line":205,"column":0},"end":{"line":205,"column":40}},"205":{"start":{"line":206,"column":0},"end":{"line":206,"column":51}},"206":{"start":{"line":207,"column":0},"end":{"line":207,"column":38}},"207":{"start":{"line":208,"column":0},"end":{"line":208,"column":56}},"208":{"start":{"line":209,"column":0},"end":{"line":209,"column":49}},"209":{"start":{"line":210,"column":0},"end":{"line":210,"column":53}},"210":{"start":{"line":211,"column":0},"end":{"line":211,"column":16}},"211":{"start":{"line":212,"column":0},"end":{"line":212,"column":67}},"212":{"start":{"line":213,"column":0},"end":{"line":213,"column":7}},"213":{"start":{"line":214,"column":0},"end":{"line":214,"column":6}},"214":{"start":{"line":215,"column":0},"end":{"line":215,"column":3}},"216":{"start":{"line":217,"column":0},"end":{"line":217,"column":17}},"217":{"start":{"line":218,"column":0},"end":{"line":218,"column":48}},"218":{"start":{"line":219,"column":0},"end":{"line":219,"column":40}},"219":{"start":{"line":220,"column":0},"end":{"line":220,"column":53}},"220":{"start":{"line":221,"column":0},"end":{"line":221,"column":3}},"221":{"start":{"line":222,"column":0},"end":{"line":222,"column":1}}},"s":{"0":1,"1":1,"2":1,"9":1,"10":1,"11":1,"12":1,"13":1,"14":1,"15":1,"16":1,"17":1,"19":1,"20":13,"22":13,"23":13,"24":13,"25":13,"26":13,"27":13,"28":13,"29":13,"30":13,"31":13,"32":13,"33":13,"34":13,"36":13,"37":13,"39":13,"41":13,"42":0,"43":0,"44":0,"45":0,"46":0,"47":0,"48":0,"49":0,"50":0,"51":0,"52":0,"53":0,"54":0,"55":0,"56":0,"57":0,"58":0,"59":0,"60":0,"61":0,"62":0,"63":0,"64":0,"65":0,"66":0,"67":0,"68":0,"69":0,"70":0,"71":0,"72":0,"73":0,"74":0,"75":0,"76":0,"77":0,"78":0,"79":0,"80":0,"81":0,"82":0,"83":0,"84":0,"85":0,"86":0,"87":0,"88":0,"89":0,"90":0,"91":0,"92":0,"93":0,"94":0,"95":0,"96":0,"97":0,"98":0,"99":0,"100":0,"101":0,"102":0,"103":0,"104":0,"105":0,"106":0,"107":0,"108":0,"109":0,"110":0,"111":0,"112":0,"113":0,"114":0,"115":0,"116":0,"117":0,"118":0,"119":0,"120":0,"121":0,"122":0,"123":0,"124":0,"125":0,"126":0,"127":0,"128":0,"129":0,"130":0,"131":0,"132":0,"133":0,"134":0,"135":0,"136":0,"137":0,"138":0,"139":0,"140":0,"141":0,"142":0,"143":0,"144":0,"145":0,"146":0,"147":0,"148":0,"149":0,"150":0,"151":0,"152":0,"153":0,"154":13,"157":13,"158":0,"159":0,"160":0,"161":0,"162":0,"163":0,"164":0,"165":0,"166":0,"167":0,"168":0,"169":0,"170":0,"171":0,"172":0,"173":0,"174":0,"175":13,"178":13,"179":0,"181":0,"182":0,"183":0,"184":0,"185":0,"186":0,"187":0,"188":0,"189":0,"190":0,"191":0,"192":0,"193":0,"194":0,"195":0,"196":0,"197":13,"200":13,"201":0,"203":0,"204":0,"205":0,"206":0,"207":0,"208":0,"209":0,"210":0,"211":0,"212":0,"213":13,"214":13,"216":13,"217":1,"218":1,"219":1,"220":1,"221":13},"branchMap":{"0":{"type":"branch","line":20,"loc":{"start":{"line":20,"column":35},"end":{"line":222,"column":1}},"locations":[{"start":{"line":20,"column":35},"end":{"line":222,"column":1}}]},"1":{"type":"branch","line":23,"loc":{"start":{"line":23,"column":2},"end":{"line":38,"column":3}},"locations":[{"start":{"line":23,"column":2},"end":{"line":38,"column":3}}]},"2":{"type":"branch","line":40,"loc":{"start":{"line":40,"column":10},"end":{"line":215,"column":3}},"locations":[{"start":{"line":40,"column":10},"end":{"line":215,"column":3}}]},"3":{"type":"branch","line":217,"loc":{"start":{"line":217,"column":2},"end":{"line":221,"column":3}},"locations":[{"start":{"line":217,"column":2},"end":{"line":221,"column":3}}]}},"b":{"0":[13],"1":[13],"2":[13],"3":[1]},"fnMap":{"0":{"name":"<instance_members_initializer>","decl":{"start":{"line":20,"column":35},"end":{"line":222,"column":1}},"loc":{"start":{"line":20,"column":35},"end":{"line":222,"column":1}},"line":20},"1":{"name":"DesignSystemMCPServer","decl":{"start":{"line":23,"column":2},"end":{"line":38,"column":3}},"loc":{"start":{"line":23,"column":2},"end":{"line":38,"column":3}},"line":23},"2":{"name":"setupHandlers","decl":{"start":{"line":40,"column":10},"end":{"line":215,"column":3}},"loc":{"start":{"line":40,"column":10},"end":{"line":215,"column":3}},"line":40},"3":{"name":"start","decl":{"start":{"line":217,"column":2},"end":{"line":221,"column":3}},"loc":{"start":{"line":217,"column":2},"end":{"line":221,"column":3}},"line":217}},"f":{"0":13,"1":13,"2":13,"3":1}}
,"/home/duff/SuperComponents/src/test-components.ts": {"path":"/home/duff/SuperComponents/src/test-components.ts","all":true,"statementMap":{"1":{"start":{"line":2,"column":0},"end":{"line":2,"column":59}},"5":{"start":{"line":6,"column":0},"end":{"line":6,"column":36}},"6":{"start":{"line":7,"column":0},"end":{"line":7,"column":41}},"7":{"start":{"line":8,"column":0},"end":{"line":8,"column":42}},"8":{"start":{"line":9,"column":0},"end":{"line":9,"column":35}},"9":{"start":{"line":10,"column":0},"end":{"line":10,"column":23}},"10":{"start":{"line":11,"column":0},"end":{"line":11,"column":51}},"11":{"start":{"line":12,"column":0},"end":{"line":12,"column":27}},"12":{"start":{"line":13,"column":0},"end":{"line":13,"column":1}},"14":{"start":{"line":15,"column":0},"end":{"line":15,"column":42}},"15":{"start":{"line":16,"column":0},"end":{"line":16,"column":60}},"16":{"start":{"line":17,"column":0},"end":{"line":17,"column":55}},"18":{"start":{"line":19,"column":0},"end":{"line":19,"column":48}},"19":{"start":{"line":20,"column":0},"end":{"line":20,"column":44}}},"s":{"1":0,"5":0,"6":0,"7":0,"8":0,"9":0,"10":0,"11":0,"12":0,"14":0,"15":0,"16":0,"18":0,"19":0},"branchMap":{"0":{"type":"branch","line":1,"loc":{"start":{"line":1,"column":744},"end":{"line":22,"column":31}},"locations":[{"start":{"line":1,"column":744},"end":{"line":22,"column":31}}]}},"b":{"0":[1]},"fnMap":{"0":{"name":"(empty-report)","decl":{"start":{"line":1,"column":744},"end":{"line":22,"column":31}},"loc":{"start":{"line":1,"column":744},"end":{"line":22,"column":31}},"line":1}},"f":{"0":1}}
,"/home/duff/SuperComponents/src/ai/design-analyzer.ts": {"path":"/home/duff/SuperComponents/src/ai/design-analyzer.ts","all":false,"statementMap":{"0":{"start":{"line":1,"column":0},"end":{"line":1,"column":31}},"6":{"start":{"line":7,"column":0},"end":{"line":7,"column":23}},"7":{"start":{"line":8,"column":0},"end":{"line":8,"column":35}},"8":{"start":{"line":9,"column":0},"end":{"line":9,"column":23}},"10":{"start":{"line":11,"column":0},"end":{"line":11,"column":38}},"11":{"start":{"line":12,"column":0},"end":{"line":12,"column":57}},"12":{"start":{"line":13,"column":0},"end":{"line":13,"column":54}},"13":{"start":{"line":14,"column":0},"end":{"line":14,"column":48}},"14":{"start":{"line":15,"column":0},"end":{"line":15,"column":75}},"15":{"start":{"line":16,"column":0},"end":{"line":16,"column":49}},"16":{"start":{"line":17,"column":0},"end":{"line":17,"column":56}},"17":{"start":{"line":18,"column":0},"end":{"line":18,"column":2}},"33":{"start":{"line":34,"column":0},"end":{"line":34,"column":31}},"34":{"start":{"line":35,"column":0},"end":{"line":35,"column":25}},"35":{"start":{"line":36,"column":0},"end":{"line":36,"column":30}},"37":{"start":{"line":38,"column":0},"end":{"line":38,"column":32}},"38":{"start":{"line":39,"column":0},"end":{"line":39,"column":52}},"39":{"start":{"line":40,"column":0},"end":{"line":40,"column":14}},"40":{"start":{"line":41,"column":0},"end":{"line":41,"column":32}},"41":{"start":{"line":42,"column":0},"end":{"line":42,"column":20}},"42":{"start":{"line":43,"column":0},"end":{"line":43,"column":8}},"43":{"start":{"line":44,"column":0},"end":{"line":44,"column":5}},"44":{"start":{"line":45,"column":0},"end":{"line":45,"column":44}},"45":{"start":{"line":46,"column":0},"end":{"line":46,"column":3}},"47":{"start":{"line":48,"column":0},"end":{"line":48,"column":80}},"48":{"start":{"line":49,"column":0},"end":{"line":49,"column":60}},"49":{"start":{"line":50,"column":0},"end":{"line":50,"column":71}},"50":{"start":{"line":51,"column":0},"end":{"line":51,"column":15}},"51":{"start":{"line":52,"column":0},"end":{"line":52,"column":11}},"52":{"start":{"line":53,"column":0},"end":{"line":53,"column":5}},"54":{"start":{"line":55,"column":0},"end":{"line":55,"column":47}},"56":{"start":{"line":57,"column":0},"end":{"line":57,"column":12}},"57":{"start":{"line":58,"column":0},"end":{"line":58,"column":24}},"58":{"start":{"line":59,"column":0},"end":{"line":59,"column":15}},"59":{"start":{"line":60,"column":0},"end":{"line":60,"column":5}},"60":{"start":{"line":61,"column":0},"end":{"line":61,"column":3}},"62":{"start":{"line":63,"column":0},"end":{"line":63,"column":38}},"63":{"start":{"line":64,"column":0},"end":{"line":64,"column":27}},"64":{"start":{"line":65,"column":0},"end":{"line":65,"column":29}},"65":{"start":{"line":66,"column":0},"end":{"line":66,"column":50}},"67":{"start":{"line":68,"column":0},"end":{"line":68,"column":9}},"68":{"start":{"line":69,"column":0},"end":{"line":69,"column":62}},"69":{"start":{"line":70,"column":0},"end":{"line":70,"column":59}},"71":{"start":{"line":72,"column":0},"end":{"line":72,"column":64}},"72":{"start":{"line":73,"column":0},"end":{"line":73,"column":44}},"73":{"start":{"line":74,"column":0},"end":{"line":74,"column":21}},"74":{"start":{"line":75,"column":0},"end":{"line":75,"column":22}},"75":{"start":{"line":76,"column":0},"end":{"line":76,"column":102}},"76":{"start":{"line":77,"column":0},"end":{"line":77,"column":7}},"77":{"start":{"line":78,"column":0},"end":{"line":78,"column":5}},"78":{"start":{"line":79,"column":0},"end":{"line":79,"column":3}},"80":{"start":{"line":81,"column":0},"end":{"line":81,"column":64}},"81":{"start":{"line":82,"column":0},"end":{"line":82,"column":125}},"95":{"start":{"line":96,"column":0},"end":{"line":96,"column":62}},"98":{"start":{"line":99,"column":0},"end":{"line":99,"column":3}},"100":{"start":{"line":101,"column":0},"end":{"line":101,"column":30}},"101":{"start":{"line":102,"column":0},"end":{"line":102,"column":19}},"102":{"start":{"line":103,"column":0},"end":{"line":103,"column":27}},"103":{"start":{"line":104,"column":0},"end":{"line":104,"column":22}},"104":{"start":{"line":105,"column":0},"end":{"line":105,"column":23}},"106":{"start":{"line":107,"column":0},"end":{"line":107,"column":29}},"107":{"start":{"line":108,"column":0},"end":{"line":108,"column":69}},"108":{"start":{"line":109,"column":0},"end":{"line":109,"column":51}},"109":{"start":{"line":110,"column":0},"end":{"line":110,"column":53}},"110":{"start":{"line":111,"column":0},"end":{"line":111,"column":29}},"111":{"start":{"line":112,"column":0},"end":{"line":112,"column":59}},"112":{"start":{"line":113,"column":0},"end":{"line":113,"column":32}},"113":{"start":{"line":114,"column":0},"end":{"line":114,"column":8}},"114":{"start":{"line":115,"column":0},"end":{"line":115,"column":5}},"116":{"start":{"line":117,"column":0},"end":{"line":117,"column":29}},"117":{"start":{"line":118,"column":0},"end":{"line":118,"column":7}},"118":{"start":{"line":119,"column":0},"end":{"line":119,"column":21}},"119":{"start":{"line":120,"column":0},"end":{"line":120,"column":16}},"120":{"start":{"line":121,"column":0},"end":{"line":121,"column":32}},"121":{"start":{"line":122,"column":0},"end":{"line":122,"column":15}},"122":{"start":{"line":123,"column":0},"end":{"line":123,"column":47}},"123":{"start":{"line":124,"column":0},"end":{"line":124,"column":17}},"124":{"start":{"line":125,"column":0},"end":{"line":125,"column":36}},"125":{"start":{"line":126,"column":0},"end":{"line":126,"column":30}},"126":{"start":{"line":127,"column":0},"end":{"line":127,"column":38}},"127":{"start":{"line":128,"column":0},"end":{"line":128,"column":35}},"128":{"start":{"line":129,"column":0},"end":{"line":129,"column":20}},"129":{"start":{"line":130,"column":0},"end":{"line":130,"column":18}},"130":{"start":{"line":131,"column":0},"end":{"line":131,"column":15}},"131":{"start":{"line":132,"column":0},"end":{"line":132,"column":15}},"132":{"start":{"line":133,"column":0},"end":{"line":133,"column":17}},"133":{"start":{"line":134,"column":0},"end":{"line":134,"column":31}},"134":{"start":{"line":135,"column":0},"end":{"line":135,"column":105}},"135":{"start":{"line":136,"column":0},"end":{"line":136,"column":18}},"136":{"start":{"line":137,"column":0},"end":{"line":137,"column":16}},"137":{"start":{"line":138,"column":0},"end":{"line":138,"column":8}},"138":{"start":{"line":139,"column":0},"end":{"line":139,"column":5}},"140":{"start":{"line":141,"column":0},"end":{"line":141,"column":64}},"141":{"start":{"line":142,"column":0},"end":{"line":142,"column":57}},"142":{"start":{"line":143,"column":0},"end":{"line":143,"column":15}},"143":{"start":{"line":144,"column":0},"end":{"line":144,"column":23}},"144":{"start":{"line":145,"column":0},"end":{"line":145,"column":23}},"145":{"start":{"line":146,"column":0},"end":{"line":146,"column":6}},"147":{"start":{"line":148,"column":0},"end":{"line":148,"column":54}},"148":{"start":{"line":149,"column":0},"end":{"line":149,"column":3}},"150":{"start":{"line":151,"column":0},"end":{"line":151,"column":66}},"151":{"start":{"line":152,"column":0},"end":{"line":152,"column":9}},"153":{"start":{"line":154,"column":0},"end":{"line":154,"column":53}},"154":{"start":{"line":155,"column":0},"end":{"line":155,"column":60}},"156":{"start":{"line":157,"column":0},"end":{"line":157,"column":35}},"157":{"start":{"line":158,"column":0},"end":{"line":158,"column":21}},"158":{"start":{"line":159,"column":0},"end":{"line":159,"column":22}},"159":{"start":{"line":160,"column":0},"end":{"line":160,"column":102}},"160":{"start":{"line":161,"column":0},"end":{"line":161,"column":7}},"161":{"start":{"line":162,"column":0},"end":{"line":162,"column":5}},"162":{"start":{"line":163,"column":0},"end":{"line":163,"column":3}},"164":{"start":{"line":165,"column":0},"end":{"line":165,"column":49}},"165":{"start":{"line":166,"column":0},"end":{"line":166,"column":28}},"166":{"start":{"line":167,"column":0},"end":{"line":167,"column":27}},"167":{"start":{"line":168,"column":0},"end":{"line":168,"column":50}},"169":{"start":{"line":170,"column":0},"end":{"line":170,"column":43}},"170":{"start":{"line":171,"column":0},"end":{"line":171,"column":67}},"171":{"start":{"line":172,"column":0},"end":{"line":172,"column":78}},"172":{"start":{"line":173,"column":0},"end":{"line":173,"column":66}},"173":{"start":{"line":174,"column":0},"end":{"line":174,"column":72}},"174":{"start":{"line":175,"column":0},"end":{"line":175,"column":61}},"175":{"start":{"line":176,"column":0},"end":{"line":176,"column":5}},"178":{"start":{"line":179,"column":0},"end":{"line":179,"column":50}},"179":{"start":{"line":180,"column":0},"end":{"line":180,"column":55}},"180":{"start":{"line":181,"column":0},"end":{"line":181,"column":71}},"181":{"start":{"line":182,"column":0},"end":{"line":182,"column":53}},"182":{"start":{"line":183,"column":0},"end":{"line":183,"column":20}},"183":{"start":{"line":184,"column":0},"end":{"line":184,"column":52}},"184":{"start":{"line":185,"column":0},"end":{"line":185,"column":54}},"185":{"start":{"line":186,"column":0},"end":{"line":186,"column":46}},"186":{"start":{"line":187,"column":0},"end":{"line":187,"column":8}},"187":{"start":{"line":188,"column":0},"end":{"line":188,"column":5}},"189":{"start":{"line":190,"column":0},"end":{"line":190,"column":12}},"190":{"start":{"line":191,"column":0},"end":{"line":191,"column":22}},"191":{"start":{"line":192,"column":0},"end":{"line":192,"column":25}},"192":{"start":{"line":193,"column":0},"end":{"line":193,"column":62}},"193":{"start":{"line":194,"column":0},"end":{"line":194,"column":62}},"194":{"start":{"line":195,"column":0},"end":{"line":195,"column":5}},"195":{"start":{"line":196,"column":0},"end":{"line":196,"column":3}},"197":{"start":{"line":198,"column":0},"end":{"line":198,"column":77}},"198":{"start":{"line":199,"column":0},"end":{"line":199,"column":45}},"200":{"start":{"line":201,"column":0},"end":{"line":201,"column":39}},"201":{"start":{"line":202,"column":0},"end":{"line":202,"column":45}},"202":{"start":{"line":203,"column":0},"end":{"line":203,"column":52}},"203":{"start":{"line":204,"column":0},"end":{"line":204,"column":49}},"204":{"start":{"line":205,"column":0},"end":{"line":205,"column":47}},"205":{"start":{"line":206,"column":0},"end":{"line":206,"column":6}},"208":{"start":{"line":209,"column":0},"end":{"line":209,"column":51}},"209":{"start":{"line":210,"column":0},"end":{"line":210,"column":55}},"210":{"start":{"line":211,"column":0},"end":{"line":211,"column":57}},"211":{"start":{"line":212,"column":0},"end":{"line":212,"column":45}},"213":{"start":{"line":214,"column":0},"end":{"line":214,"column":17}},"214":{"start":{"line":215,"column":0},"end":{"line":215,"column":3}},"216":{"start":{"line":217,"column":0},"end":{"line":217,"column":36}},"217":{"start":{"line":218,"column":0},"end":{"line":218,"column":22}},"218":{"start":{"line":219,"column":0},"end":{"line":219,"column":33}},"219":{"start":{"line":220,"column":0},"end":{"line":220,"column":12}},"220":{"start":{"line":221,"column":0},"end":{"line":221,"column":12}},"221":{"start":{"line":222,"column":0},"end":{"line":222,"column":78}},"222":{"start":{"line":223,"column":0},"end":{"line":223,"column":14}},"223":{"start":{"line":224,"column":0},"end":{"line":224,"column":22}},"224":{"start":{"line":225,"column":0},"end":{"line":225,"column":23}},"225":{"start":{"line":226,"column":0},"end":{"line":226,"column":21}},"226":{"start":{"line":227,"column":0},"end":{"line":227,"column":23}},"227":{"start":{"line":228,"column":0},"end":{"line":228,"column":22}},"228":{"start":{"line":229,"column":0},"end":{"line":229,"column":24}},"229":{"start":{"line":230,"column":0},"end":{"line":230,"column":26}},"230":{"start":{"line":231,"column":0},"end":{"line":231,"column":25}},"231":{"start":{"line":232,"column":0},"end":{"line":232,"column":8}},"232":{"start":{"line":233,"column":0},"end":{"line":233,"column":16}},"233":{"start":{"line":234,"column":0},"end":{"line":234,"column":19}},"234":{"start":{"line":235,"column":0},"end":{"line":235,"column":20}},"235":{"start":{"line":236,"column":0},"end":{"line":236,"column":20}},"236":{"start":{"line":237,"column":0},"end":{"line":237,"column":22}},"237":{"start":{"line":238,"column":0},"end":{"line":238,"column":18}},"238":{"start":{"line":239,"column":0},"end":{"line":239,"column":8}},"239":{"start":{"line":240,"column":0},"end":{"line":240,"column":20}},"240":{"start":{"line":241,"column":0},"end":{"line":241,"column":22}},"241":{"start":{"line":242,"column":0},"end":{"line":242,"column":22}},"242":{"start":{"line":243,"column":0},"end":{"line":243,"column":22}},"243":{"start":{"line":244,"column":0},"end":{"line":244,"column":25}},"244":{"start":{"line":245,"column":0},"end":{"line":245,"column":19}},"245":{"start":{"line":246,"column":0},"end":{"line":246,"column":8}},"246":{"start":{"line":247,"column":0},"end":{"line":247,"column":5}},"247":{"start":{"line":248,"column":0},"end":{"line":248,"column":3}},"249":{"start":{"line":250,"column":0},"end":{"line":250,"column":75}},"250":{"start":{"line":251,"column":0},"end":{"line":251,"column":45}},"252":{"start":{"line":253,"column":0},"end":{"line":253,"column":37}},"253":{"start":{"line":254,"column":0},"end":{"line":254,"column":17}},"254":{"start":{"line":255,"column":0},"end":{"line":255,"column":19}},"255":{"start":{"line":256,"column":0},"end":{"line":256,"column":16}},"256":{"start":{"line":257,"column":0},"end":{"line":257,"column":23}},"257":{"start":{"line":258,"column":0},"end":{"line":258,"column":18}},"258":{"start":{"line":259,"column":0},"end":{"line":259,"column":25}},"259":{"start":{"line":260,"column":0},"end":{"line":260,"column":20}},"260":{"start":{"line":261,"column":0},"end":{"line":261,"column":27}},"261":{"start":{"line":262,"column":0},"end":{"line":262,"column":22}},"262":{"start":{"line":263,"column":0},"end":{"line":263,"column":29}},"263":{"start":{"line":264,"column":0},"end":{"line":264,"column":24}},"264":{"start":{"line":265,"column":0},"end":{"line":265,"column":31}},"265":{"start":{"line":266,"column":0},"end":{"line":266,"column":27}},"266":{"start":{"line":267,"column":0},"end":{"line":267,"column":33}},"267":{"start":{"line":268,"column":0},"end":{"line":268,"column":29}},"268":{"start":{"line":269,"column":0},"end":{"line":269,"column":35}},"269":{"start":{"line":270,"column":0},"end":{"line":270,"column":31}},"270":{"start":{"line":271,"column":0},"end":{"line":271,"column":46}},"271":{"start":{"line":272,"column":0},"end":{"line":272,"column":32}},"272":{"start":{"line":273,"column":0},"end":{"line":273,"column":6}},"274":{"start":{"line":275,"column":0},"end":{"line":275,"column":17}},"275":{"start":{"line":276,"column":0},"end":{"line":276,"column":3}},"277":{"start":{"line":278,"column":0},"end":{"line":278,"column":37}},"278":{"start":{"line":279,"column":0},"end":{"line":279,"column":39}},"279":{"start":{"line":280,"column":0},"end":{"line":280,"column":29}},"280":{"start":{"line":281,"column":0},"end":{"line":281,"column":80}},"282":{"start":{"line":283,"column":0},"end":{"line":283,"column":12}},"283":{"start":{"line":284,"column":0},"end":{"line":284,"column":16}},"284":{"start":{"line":285,"column":0},"end":{"line":285,"column":28}},"285":{"start":{"line":286,"column":0},"end":{"line":286,"column":32}},"286":{"start":{"line":287,"column":0},"end":{"line":287,"column":32}},"287":{"start":{"line":288,"column":0},"end":{"line":288,"column":32}},"288":{"start":{"line":289,"column":0},"end":{"line":289,"column":21}},"289":{"start":{"line":290,"column":0},"end":{"line":290,"column":5}},"290":{"start":{"line":291,"column":0},"end":{"line":291,"column":3}},"292":{"start":{"line":293,"column":0},"end":{"line":293,"column":31}},"293":{"start":{"line":294,"column":0},"end":{"line":294,"column":39}},"294":{"start":{"line":295,"column":0},"end":{"line":295,"column":29}},"295":{"start":{"line":296,"column":0},"end":{"line":296,"column":27}},"296":{"start":{"line":297,"column":0},"end":{"line":297,"column":67}},"298":{"start":{"line":299,"column":0},"end":{"line":299,"column":12}},"299":{"start":{"line":300,"column":0},"end":{"line":300,"column":65}},"300":{"start":{"line":301,"column":0},"end":{"line":301,"column":67}},"301":{"start":{"line":302,"column":0},"end":{"line":302,"column":69}},"302":{"start":{"line":303,"column":0},"end":{"line":303,"column":69}},"303":{"start":{"line":304,"column":0},"end":{"line":304,"column":5}},"304":{"start":{"line":305,"column":0},"end":{"line":305,"column":3}},"306":{"start":{"line":307,"column":0},"end":{"line":307,"column":59}},"307":{"start":{"line":308,"column":0},"end":{"line":308,"column":34}},"308":{"start":{"line":309,"column":0},"end":{"line":309,"column":21}},"309":{"start":{"line":310,"column":0},"end":{"line":310,"column":18}},"310":{"start":{"line":311,"column":0},"end":{"line":311,"column":17}},"311":{"start":{"line":312,"column":0},"end":{"line":312,"column":19}},"312":{"start":{"line":313,"column":0},"end":{"line":313,"column":5}},"313":{"start":{"line":314,"column":0},"end":{"line":314,"column":77}},"314":{"start":{"line":315,"column":0},"end":{"line":315,"column":72}},"316":{"start":{"line":317,"column":0},"end":{"line":317,"column":79}},"317":{"start":{"line":318,"column":0},"end":{"line":318,"column":58}},"318":{"start":{"line":319,"column":0},"end":{"line":319,"column":15}},"319":{"start":{"line":320,"column":0},"end":{"line":320,"column":70}},"320":{"start":{"line":321,"column":0},"end":{"line":321,"column":7}},"321":{"start":{"line":322,"column":0},"end":{"line":322,"column":51}},"322":{"start":{"line":323,"column":0},"end":{"line":323,"column":80}},"323":{"start":{"line":324,"column":0},"end":{"line":324,"column":49}},"324":{"start":{"line":325,"column":0},"end":{"line":325,"column":5}},"326":{"start":{"line":327,"column":0},"end":{"line":327,"column":29}},"327":{"start":{"line":328,"column":0},"end":{"line":328,"column":3}},"329":{"start":{"line":330,"column":0},"end":{"line":330,"column":68}},"330":{"start":{"line":331,"column":0},"end":{"line":331,"column":400}},"331":{"start":{"line":332,"column":0},"end":{"line":332,"column":3}},"333":{"start":{"line":334,"column":0},"end":{"line":334,"column":70}},"334":{"start":{"line":335,"column":0},"end":{"line":335,"column":29}},"335":{"start":{"line":336,"column":0},"end":{"line":336,"column":73}},"336":{"start":{"line":337,"column":0},"end":{"line":337,"column":95}},"337":{"start":{"line":338,"column":0},"end":{"line":338,"column":70}},"338":{"start":{"line":339,"column":0},"end":{"line":339,"column":5}},"340":{"start":{"line":341,"column":0},"end":{"line":341,"column":49}},"341":{"start":{"line":342,"column":0},"end":{"line":342,"column":27}},"342":{"start":{"line":343,"column":0},"end":{"line":343,"column":78}},"343":{"start":{"line":344,"column":0},"end":{"line":344,"column":7}},"344":{"start":{"line":345,"column":0},"end":{"line":345,"column":5}},"346":{"start":{"line":347,"column":0},"end":{"line":347,"column":8}},"347":{"start":{"line":348,"column":0},"end":{"line":348,"column":50}},"348":{"start":{"line":349,"column":0},"end":{"line":349,"column":48}},"349":{"start":{"line":350,"column":0},"end":{"line":350,"column":7}},"350":{"start":{"line":351,"column":0},"end":{"line":351,"column":27}},"351":{"start":{"line":352,"column":0},"end":{"line":352,"column":65}},"352":{"start":{"line":353,"column":0},"end":{"line":353,"column":7}},"353":{"start":{"line":354,"column":0},"end":{"line":354,"column":5}},"355":{"start":{"line":356,"column":0},"end":{"line":356,"column":26}},"356":{"start":{"line":357,"column":0},"end":{"line":357,"column":3}},"358":{"start":{"line":359,"column":0},"end":{"line":359,"column":32}},"359":{"start":{"line":360,"column":0},"end":{"line":360,"column":28}},"360":{"start":{"line":361,"column":0},"end":{"line":361,"column":27}},"361":{"start":{"line":362,"column":0},"end":{"line":362,"column":20}},"362":{"start":{"line":363,"column":0},"end":{"line":363,"column":9}},"363":{"start":{"line":364,"column":0},"end":{"line":364,"column":74}},"365":{"start":{"line":366,"column":0},"end":{"line":366,"column":29}},"366":{"start":{"line":367,"column":0},"end":{"line":367,"column":17}},"367":{"start":{"line":368,"column":0},"end":{"line":368,"column":14}},"368":{"start":{"line":369,"column":0},"end":{"line":369,"column":44}},"369":{"start":{"line":370,"column":0},"end":{"line":370,"column":25}},"370":{"start":{"line":371,"column":0},"end":{"line":371,"column":7}},"372":{"start":{"line":373,"column":0},"end":{"line":373,"column":25}},"373":{"start":{"line":374,"column":0},"end":{"line":374,"column":26}},"374":{"start":{"line":375,"column":0},"end":{"line":375,"column":46}},"375":{"start":{"line":376,"column":0},"end":{"line":376,"column":7}},"376":{"start":{"line":377,"column":0},"end":{"line":377,"column":21}},"377":{"start":{"line":378,"column":0},"end":{"line":378,"column":19}},"378":{"start":{"line":379,"column":0},"end":{"line":379,"column":95}},"379":{"start":{"line":380,"column":0},"end":{"line":380,"column":7}},"380":{"start":{"line":381,"column":0},"end":{"line":381,"column":5}},"381":{"start":{"line":382,"column":0},"end":{"line":382,"column":3}},"383":{"start":{"line":384,"column":0},"end":{"line":384,"column":64}},"384":{"start":{"line":385,"column":0},"end":{"line":385,"column":9}},"385":{"start":{"line":386,"column":0},"end":{"line":386,"column":64}},"386":{"start":{"line":387,"column":0},"end":{"line":387,"column":37}},"387":{"start":{"line":388,"column":0},"end":{"line":388,"column":28}},"388":{"start":{"line":389,"column":0},"end":{"line":389,"column":21}},"389":{"start":{"line":390,"column":0},"end":{"line":390,"column":17}},"390":{"start":{"line":391,"column":0},"end":{"line":391,"column":5}},"391":{"start":{"line":392,"column":0},"end":{"line":392,"column":3}},"392":{"start":{"line":393,"column":0},"end":{"line":393,"column":1}},"395":{"start":{"line":396,"column":0},"end":{"line":396,"column":51}},"403":{"start":{"line":404,"column":0},"end":{"line":404,"column":4}},"404":{"start":{"line":405,"column":0},"end":{"line":405,"column":7}},"405":{"start":{"line":406,"column":0},"end":{"line":406,"column":43}},"407":{"start":{"line":408,"column":0},"end":{"line":408,"column":54}},"408":{"start":{"line":409,"column":0},"end":{"line":409,"column":28}},"409":{"start":{"line":410,"column":0},"end":{"line":410,"column":26}},"410":{"start":{"line":411,"column":0},"end":{"line":411,"column":28}},"411":{"start":{"line":412,"column":0},"end":{"line":412,"column":6}},"414":{"start":{"line":415,"column":0},"end":{"line":415,"column":67}},"417":{"start":{"line":418,"column":0},"end":{"line":418,"column":50}},"420":{"start":{"line":421,"column":0},"end":{"line":421,"column":34}},"423":{"start":{"line":424,"column":0},"end":{"line":424,"column":59}},"424":{"start":{"line":425,"column":0},"end":{"line":425,"column":66}},"425":{"start":{"line":426,"column":0},"end":{"line":426,"column":65}},"426":{"start":{"line":427,"column":0},"end":{"line":427,"column":46}},"427":{"start":{"line":428,"column":0},"end":{"line":428,"column":65}},"430":{"start":{"line":431,"column":0},"end":{"line":431,"column":61}},"431":{"start":{"line":432,"column":0},"end":{"line":432,"column":65}},"432":{"start":{"line":433,"column":0},"end":{"line":433,"column":70}},"435":{"start":{"line":436,"column":0},"end":{"line":436,"column":62}},"436":{"start":{"line":437,"column":0},"end":{"line":437,"column":64}},"437":{"start":{"line":438,"column":0},"end":{"line":438,"column":67}},"440":{"start":{"line":441,"column":0},"end":{"line":441,"column":25}},"443":{"start":{"line":444,"column":0},"end":{"line":444,"column":57}},"447":{"start":{"line":448,"column":0},"end":{"line":448,"column":12}},"452":{"start":{"line":453,"column":0},"end":{"line":453,"column":12}},"453":{"start":{"line":454,"column":0},"end":{"line":454,"column":48}},"454":{"start":{"line":455,"column":0},"end":{"line":455,"column":43}},"455":{"start":{"line":456,"column":0},"end":{"line":456,"column":5}},"456":{"start":{"line":457,"column":0},"end":{"line":457,"column":19}},"457":{"start":{"line":458,"column":0},"end":{"line":458,"column":12}},"458":{"start":{"line":459,"column":0},"end":{"line":459,"column":16}},"459":{"start":{"line":460,"column":0},"end":{"line":460,"column":9}},"460":{"start":{"line":461,"column":0},"end":{"line":461,"column":23}},"461":{"start":{"line":462,"column":0},"end":{"line":462,"column":98}},"462":{"start":{"line":463,"column":0},"end":{"line":463,"column":10}},"463":{"start":{"line":464,"column":0},"end":{"line":464,"column":8}},"464":{"start":{"line":465,"column":0},"end":{"line":465,"column":20}},"465":{"start":{"line":466,"column":0},"end":{"line":466,"column":5}},"466":{"start":{"line":467,"column":0},"end":{"line":467,"column":3}},"467":{"start":{"line":468,"column":0},"end":{"line":468,"column":1}},"469":{"start":{"line":470,"column":0},"end":{"line":470,"column":62}},"470":{"start":{"line":471,"column":0},"end":{"line":471,"column":20}},"471":{"start":{"line":472,"column":0},"end":{"line":472,"column":15}},"472":{"start":{"line":473,"column":0},"end":{"line":473,"column":56}},"473":{"start":{"line":474,"column":0},"end":{"line":474,"column":60}},"474":{"start":{"line":475,"column":0},"end":{"line":475,"column":62}},"475":{"start":{"line":476,"column":0},"end":{"line":476,"column":50}},"476":{"start":{"line":477,"column":0},"end":{"line":477,"column":3}},"478":{"start":{"line":479,"column":0},"end":{"line":479,"column":60}},"479":{"start":{"line":480,"column":0},"end":{"line":480,"column":50}},"480":{"start":{"line":481,"column":0},"end":{"line":481,"column":4}},"482":{"start":{"line":483,"column":0},"end":{"line":483,"column":65}},"483":{"start":{"line":484,"column":0},"end":{"line":484,"column":56}},"484":{"start":{"line":485,"column":0},"end":{"line":485,"column":4}},"486":{"start":{"line":487,"column":0},"end":{"line":487,"column":20}},"487":{"start":{"line":488,"column":0},"end":{"line":488,"column":28}},"488":{"start":{"line":489,"column":0},"end":{"line":489,"column":1}}},"s":{"0":1,"6":1,"7":1,"8":1,"10":1,"11":1,"12":1,"13":1,"14":1,"15":1,"16":1,"17":1,"33":1,"34":29,"35":29,"37":29,"38":29,"39":29,"40":10,"41":10,"42":10,"43":10,"44":29,"45":29,"47":29,"48":7,"49":6,"50":6,"51":6,"52":6,"54":6,"56":6,"57":6,"58":6,"59":6,"60":7,"62":29,"63":7,"64":7,"65":7,"67":7,"68":7,"69":6,"71":6,"72":6,"73":7,"74":1,"75":1,"76":1,"77":1,"78":7,"80":29,"81":7,"95":7,"98":7,"100":29,"101":7,"102":7,"103":7,"104":7,"106":1,"107":1,"108":1,"109":1,"110":1,"111":1,"112":1,"113":1,"114":1,"116":6,"117":6,"118":6,"119":6,"120":6,"121":3,"122":3,"123":3,"124":3,"125":3,"126":3,"127":3,"128":3,"129":3,"130":3,"131":3,"132":3,"133":3,"134":3,"135":3,"136":3,"137":7,"138":7,"140":7,"141":7,"142":7,"143":7,"144":7,"145":7,"147":7,"148":7,"150":29,"151":6,"153":6,"154":6,"156":6,"157":6,"158":0,"159":0,"160":0,"161":0,"162":6,"164":29,"165":6,"166":6,"167":6,"169":6,"170":6,"171":6,"172":6,"173":6,"174":6,"175":6,"178":6,"179":6,"180":6,"181":6,"182":6,"183":6,"184":6,"185":6,"186":6,"187":6,"189":6,"190":6,"191":6,"192":6,"193":6,"194":6,"195":6,"197":29,"198":7,"200":7,"201":25,"202":18,"203":12,"204":6,"205":7,"208":7,"209":7,"210":7,"211":7,"213":7,"214":7,"216":29,"217":6,"218":6,"219":6,"220":6,"221":6,"222":6,"223":6,"224":6,"225":6,"226":6,"227":6,"228":6,"229":6,"230":6,"231":6,"232":6,"233":6,"234":6,"235":6,"236":6,"237":6,"238":6,"239":6,"240":6,"241":6,"242":6,"243":6,"244":6,"245":6,"246":6,"247":6,"249":29,"250":7,"252":7,"253":52,"254":52,"255":7,"256":45,"257":7,"258":38,"259":7,"260":31,"261":7,"262":24,"263":6,"264":18,"265":6,"266":12,"267":6,"268":6,"269":6,"270":0,"271":52,"272":7,"274":7,"275":7,"277":29,"278":8,"279":8,"280":8,"282":8,"283":8,"284":8,"285":8,"286":8,"287":8,"288":8,"289":8,"290":8,"292":29,"293":6,"294":6,"295":6,"296":6,"298":6,"299":6,"300":6,"301":6,"302":6,"303":6,"304":6,"306":29,"307":6,"308":6,"309":6,"310":6,"311":6,"312":6,"313":6,"314":6,"316":6,"317":2,"318":2,"319":4,"320":4,"321":1,"322":4,"323":0,"324":0,"326":3,"327":6,"329":29,"330":6,"331":6,"333":29,"334":6,"335":6,"336":6,"337":6,"338":6,"340":6,"341":5,"342":5,"343":5,"344":5,"346":6,"347":6,"348":3,"349":6,"350":3,"351":3,"352":3,"353":3,"355":6,"356":6,"358":29,"359":6,"360":6,"361":6,"362":6,"363":6,"365":6,"366":6,"367":6,"368":6,"369":6,"370":6,"372":6,"373":6,"374":6,"375":6,"376":6,"377":0,"378":0,"379":0,"380":0,"381":6,"383":29,"384":1,"385":1,"386":1,"387":1,"388":1,"389":0,"390":0,"391":1,"392":29,"395":0,"403":0,"404":0,"405":0,"407":0,"408":0,"409":0,"410":0,"411":0,"414":0,"417":0,"420":0,"423":0,"424":0,"425":0,"426":0,"427":0,"430":0,"431":0,"432":0,"435":0,"436":0,"437":0,"440":0,"443":0,"447":0,"452":0,"453":0,"454":0,"455":0,"456":0,"457":0,"458":0,"459":0,"460":0,"461":0,"462":0,"463":0,"464":0,"465":0,"466":0,"467":0,"469":0,"470":0,"471":0,"472":0,"473":0,"474":0,"475":0,"476":0,"478":0,"479":0,"480":0,"482":0,"483":0,"484":0,"486":0,"487":0,"488":0},"branchMap":{"0":{"type":"branch","line":34,"loc":{"start":{"line":34,"column":30},"end":{"line":393,"column":1}},"locations":[{"start":{"line":34,"column":30},"end":{"line":393,"column":1}}]},"1":{"type":"branch","line":38,"loc":{"start":{"line":38,"column":2},"end":{"line":46,"column":3}},"locations":[{"start":{"line":38,"column":2},"end":{"line":46,"column":3}}]},"2":{"type":"branch","line":39,"loc":{"start":{"line":39,"column":16},"end":{"line":39,"column":52}},"locations":[{"start":{"line":39,"column":16},"end":{"line":39,"column":52}}]},"3":{"type":"branch","line":40,"loc":{"start":{"line":40,"column":13},"end":{"line":44,"column":5}},"locations":[{"start":{"line":40,"column":13},"end":{"line":44,"column":5}}]},"4":{"type":"branch","line":48,"loc":{"start":{"line":48,"column":2},"end":{"line":61,"column":3}},"locations":[{"start":{"line":48,"column":2},"end":{"line":61,"column":3}}]},"5":{"type":"branch","line":49,"loc":{"start":{"line":49,"column":59},"end":{"line":60,"column":5}},"locations":[{"start":{"line":49,"column":59},"end":{"line":60,"column":5}}]},"6":{"type":"branch","line":63,"loc":{"start":{"line":63,"column":2},"end":{"line":79,"column":3}},"locations":[{"start":{"line":63,"column":2},"end":{"line":79,"column":3}}]},"7":{"type":"branch","line":69,"loc":{"start":{"line":69,"column":61},"end":{"line":74,"column":13}},"locations":[{"start":{"line":69,"column":61},"end":{"line":74,"column":13}}]},"8":{"type":"branch","line":74,"loc":{"start":{"line":74,"column":4},"end":{"line":78,"column":5}},"locations":[{"start":{"line":74,"column":4},"end":{"line":78,"column":5}}]},"9":{"type":"branch","line":76,"loc":{"start":{"line":76,"column":77},"end":{"line":76,"column":100}},"locations":[{"start":{"line":76,"column":77},"end":{"line":76,"column":100}}]},"10":{"type":"branch","line":81,"loc":{"start":{"line":81,"column":10},"end":{"line":99,"column":3}},"locations":[{"start":{"line":81,"column":10},"end":{"line":99,"column":3}}]},"11":{"type":"branch","line":96,"loc":{"start":{"line":96,"column":8},"end":{"line":96,"column":59}},"locations":[{"start":{"line":96,"column":8},"end":{"line":96,"column":59}}]},"12":{"type":"branch","line":96,"loc":{"start":{"line":96,"column":54},"end":{"line":96,"column":61}},"locations":[{"start":{"line":96,"column":54},"end":{"line":96,"column":61}}]},"13":{"type":"branch","line":101,"loc":{"start":{"line":101,"column":2},"end":{"line":149,"column":3}},"locations":[{"start":{"line":101,"column":2},"end":{"line":149,"column":3}}]},"14":{"type":"branch","line":105,"loc":{"start":{"line":105,"column":22},"end":{"line":115,"column":5}},"locations":[{"start":{"line":105,"column":22},"end":{"line":115,"column":5}}]},"15":{"type":"branch","line":115,"loc":{"start":{"line":115,"column":4},"end":{"line":131,"column":15}},"locations":[{"start":{"line":115,"column":4},"end":{"line":131,"column":15}}]},"16":{"type":"branch","line":121,"loc":{"start":{"line":121,"column":25},"end":{"line":131,"column":15}},"locations":[{"start":{"line":121,"column":25},"end":{"line":131,"column":15}}]},"17":{"type":"branch","line":131,"loc":{"start":{"line":131,"column":14},"end":{"line":137,"column":16}},"locations":[{"start":{"line":131,"column":14},"end":{"line":137,"column":16}}]},"18":{"type":"branch","line":135,"loc":{"start":{"line":135,"column":55},"end":{"line":135,"column":72}},"locations":[{"start":{"line":135,"column":55},"end":{"line":135,"column":72}}]},"19":{"type":"branch","line":142,"loc":{"start":{"line":142,"column":28},"end":{"line":142,"column":49}},"locations":[{"start":{"line":142,"column":28},"end":{"line":142,"column":49}}]},"20":{"type":"branch","line":142,"loc":{"start":{"line":142,"column":38},"end":{"line":142,"column":57}},"locations":[{"start":{"line":142,"column":38},"end":{"line":142,"column":57}}]},"21":{"type":"branch","line":146,"loc":{"start":{"line":146,"column":5},"end":{"line":148,"column":52}},"locations":[{"start":{"line":146,"column":5},"end":{"line":148,"column":52}}]},"22":{"type":"branch","line":148,"loc":{"start":{"line":148,"column":41},"end":{"line":148,"column":54}},"locations":[{"start":{"line":148,"column":41},"end":{"line":148,"column":54}}]},"23":{"type":"branch","line":151,"loc":{"start":{"line":151,"column":10},"end":{"line":163,"column":3}},"locations":[{"start":{"line":151,"column":10},"end":{"line":163,"column":3}}]},"24":{"type":"branch","line":155,"loc":{"start":{"line":155,"column":48},"end":{"line":155,"column":60}},"locations":[{"start":{"line":155,"column":48},"end":{"line":155,"column":60}}]},"25":{"type":"branch","line":158,"loc":{"start":{"line":158,"column":4},"end":{"line":162,"column":5}},"locations":[{"start":{"line":158,"column":4},"end":{"line":162,"column":5}}]},"26":{"type":"branch","line":165,"loc":{"start":{"line":165,"column":2},"end":{"line":196,"column":3}},"locations":[{"start":{"line":165,"column":2},"end":{"line":196,"column":3}}]},"27":{"type":"branch","line":198,"loc":{"start":{"line":198,"column":10},"end":{"line":215,"column":3}},"locations":[{"start":{"line":198,"column":10},"end":{"line":215,"column":3}}]},"28":{"type":"branch","line":209,"loc":{"start":{"line":209,"column":25},"end":{"line":209,"column":51}},"locations":[{"start":{"line":209,"column":25},"end":{"line":209,"column":51}}]},"29":{"type":"branch","line":210,"loc":{"start":{"line":210,"column":27},"end":{"line":210,"column":55}},"locations":[{"start":{"line":210,"column":27},"end":{"line":210,"column":55}}]},"30":{"type":"branch","line":201,"loc":{"start":{"line":201,"column":20},"end":{"line":206,"column":5}},"locations":[{"start":{"line":201,"column":20},"end":{"line":206,"column":5}}]},"31":{"type":"branch","line":202,"loc":{"start":{"line":202,"column":23},"end":{"line":202,"column":45}},"locations":[{"start":{"line":202,"column":23},"end":{"line":202,"column":45}}]},"32":{"type":"branch","line":202,"loc":{"start":{"line":202,"column":40},"end":{"line":205,"column":47}},"locations":[{"start":{"line":202,"column":40},"end":{"line":205,"column":47}}]},"33":{"type":"branch","line":203,"loc":{"start":{"line":203,"column":28},"end":{"line":203,"column":52}},"locations":[{"start":{"line":203,"column":28},"end":{"line":203,"column":52}}]},"34":{"type":"branch","line":203,"loc":{"start":{"line":203,"column":47},"end":{"line":205,"column":47}},"locations":[{"start":{"line":203,"column":47},"end":{"line":205,"column":47}}]},"35":{"type":"branch","line":204,"loc":{"start":{"line":204,"column":28},"end":{"line":205,"column":47}},"locations":[{"start":{"line":204,"column":28},"end":{"line":205,"column":47}}]},"36":{"type":"branch","line":217,"loc":{"start":{"line":217,"column":10},"end":{"line":248,"column":3}},"locations":[{"start":{"line":217,"column":10},"end":{"line":248,"column":3}}]},"37":{"type":"branch","line":222,"loc":{"start":{"line":222,"column":30},"end":{"line":222,"column":78}},"locations":[{"start":{"line":222,"column":30},"end":{"line":222,"column":78}}]},"38":{"type":"branch","line":250,"loc":{"start":{"line":250,"column":10},"end":{"line":276,"column":3}},"locations":[{"start":{"line":250,"column":10},"end":{"line":276,"column":3}}]},"39":{"type":"branch","line":253,"loc":{"start":{"line":253,"column":18},"end":{"line":273,"column":5}},"locations":[{"start":{"line":253,"column":18},"end":{"line":273,"column":5}}]},"40":{"type":"branch","line":255,"loc":{"start":{"line":255,"column":18},"end":{"line":256,"column":16}},"locations":[{"start":{"line":255,"column":18},"end":{"line":256,"column":16}}]},"41":{"type":"branch","line":256,"loc":{"start":{"line":256,"column":12},"end":{"line":271,"column":46}},"locations":[{"start":{"line":256,"column":12},"end":{"line":271,"column":46}}]},"42":{"type":"branch","line":257,"loc":{"start":{"line":257,"column":22},"end":{"line":258,"column":18}},"locations":[{"start":{"line":257,"column":22},"end":{"line":258,"column":18}}]},"43":{"type":"branch","line":258,"loc":{"start":{"line":258,"column":14},"end":{"line":271,"column":46}},"locations":[{"start":{"line":258,"column":14},"end":{"line":271,"column":46}}]},"44":{"type":"branch","line":259,"loc":{"start":{"line":259,"column":24},"end":{"line":260,"column":20}},"locations":[{"start":{"line":259,"column":24},"end":{"line":260,"column":20}}]},"45":{"type":"branch","line":260,"loc":{"start":{"line":260,"column":16},"end":{"line":271,"column":46}},"locations":[{"start":{"line":260,"column":16},"end":{"line":271,"column":46}}]},"46":{"type":"branch","line":261,"loc":{"start":{"line":261,"column":26},"end":{"line":262,"column":22}},"locations":[{"start":{"line":261,"column":26},"end":{"line":262,"column":22}}]},"47":{"type":"branch","line":262,"loc":{"start":{"line":262,"column":18},"end":{"line":271,"column":46}},"locations":[{"start":{"line":262,"column":18},"end":{"line":271,"column":46}}]},"48":{"type":"branch","line":263,"loc":{"start":{"line":263,"column":28},"end":{"line":264,"column":24}},"locations":[{"start":{"line":263,"column":28},"end":{"line":264,"column":24}}]},"49":{"type":"branch","line":264,"loc":{"start":{"line":264,"column":20},"end":{"line":271,"column":46}},"locations":[{"start":{"line":264,"column":20},"end":{"line":271,"column":46}}]},"50":{"type":"branch","line":265,"loc":{"start":{"line":265,"column":30},"end":{"line":266,"column":27}},"locations":[{"start":{"line":265,"column":30},"end":{"line":266,"column":27}}]},"51":{"type":"branch","line":266,"loc":{"start":{"line":266,"column":22},"end":{"line":271,"column":46}},"locations":[{"start":{"line":266,"column":22},"end":{"line":271,"column":46}}]},"52":{"type":"branch","line":267,"loc":{"start":{"line":267,"column":32},"end":{"line":268,"column":29}},"locations":[{"start":{"line":267,"column":32},"end":{"line":268,"column":29}}]},"53":{"type":"branch","line":268,"loc":{"start":{"line":268,"column":24},"end":{"line":271,"column":46}},"locations":[{"start":{"line":268,"column":24},"end":{"line":271,"column":46}}]},"54":{"type":"branch","line":270,"loc":{"start":{"line":270,"column":26},"end":{"line":271,"column":46}},"locations":[{"start":{"line":270,"column":26},"end":{"line":271,"column":46}}]},"55":{"type":"branch","line":278,"loc":{"start":{"line":278,"column":10},"end":{"line":291,"column":3}},"locations":[{"start":{"line":278,"column":10},"end":{"line":291,"column":3}}]},"56":{"type":"branch","line":281,"loc":{"start":{"line":281,"column":35},"end":{"line":281,"column":51}},"locations":[{"start":{"line":281,"column":35},"end":{"line":281,"column":51}}]},"57":{"type":"branch","line":281,"loc":{"start":{"line":281,"column":47},"end":{"line":281,"column":80}},"locations":[{"start":{"line":281,"column":47},"end":{"line":281,"column":80}}]},"58":{"type":"branch","line":281,"loc":{"start":{"line":281,"column":63},"end":{"line":281,"column":79}},"locations":[{"start":{"line":281,"column":63},"end":{"line":281,"column":79}}]},"59":{"type":"branch","line":281,"loc":{"start":{"line":281,"column":75},"end":{"line":281,"column":80}},"locations":[{"start":{"line":281,"column":75},"end":{"line":281,"column":80}}]},"60":{"type":"branch","line":293,"loc":{"start":{"line":293,"column":10},"end":{"line":305,"column":3}},"locations":[{"start":{"line":293,"column":10},"end":{"line":305,"column":3}}]},"61":{"type":"branch","line":297,"loc":{"start":{"line":297,"column":18},"end":{"line":297,"column":36}},"locations":[{"start":{"line":297,"column":18},"end":{"line":297,"column":36}}]},"62":{"type":"branch","line":297,"loc":{"start":{"line":297,"column":30},"end":{"line":297,"column":67}},"locations":[{"start":{"line":297,"column":30},"end":{"line":297,"column":67}}]},"63":{"type":"branch","line":297,"loc":{"start":{"line":297,"column":48},"end":{"line":297,"column":64}},"locations":[{"start":{"line":297,"column":48},"end":{"line":297,"column":64}}]},"64":{"type":"branch","line":297,"loc":{"start":{"line":297,"column":60},"end":{"line":297,"column":67}},"locations":[{"start":{"line":297,"column":60},"end":{"line":297,"column":67}}]},"65":{"type":"branch","line":307,"loc":{"start":{"line":307,"column":10},"end":{"line":328,"column":3}},"locations":[{"start":{"line":307,"column":10},"end":{"line":328,"column":3}}]},"66":{"type":"branch","line":317,"loc":{"start":{"line":317,"column":78},"end":{"line":319,"column":15}},"locations":[{"start":{"line":317,"column":78},"end":{"line":319,"column":15}}]},"67":{"type":"branch","line":319,"loc":{"start":{"line":319,"column":4},"end":{"line":327,"column":29}},"locations":[{"start":{"line":319,"column":4},"end":{"line":327,"column":29}}]},"68":{"type":"branch","line":319,"loc":{"start":{"line":319,"column":4},"end":{"line":325,"column":5}},"locations":[{"start":{"line":319,"column":4},"end":{"line":325,"column":5}}]},"69":{"type":"branch","line":321,"loc":{"start":{"line":321,"column":6},"end":{"line":323,"column":15}},"locations":[{"start":{"line":321,"column":6},"end":{"line":323,"column":15}}]},"70":{"type":"branch","line":323,"loc":{"start":{"line":323,"column":4},"end":{"line":325,"column":5}},"locations":[{"start":{"line":323,"column":4},"end":{"line":325,"column":5}}]},"71":{"type":"branch","line":323,"loc":{"start":{"line":323,"column":79},"end":{"line":325,"column":5}},"locations":[{"start":{"line":323,"column":79},"end":{"line":325,"column":5}}]},"72":{"type":"branch","line":325,"loc":{"start":{"line":325,"column":4},"end":{"line":327,"column":29}},"locations":[{"start":{"line":325,"column":4},"end":{"line":327,"column":29}}]},"73":{"type":"branch","line":317,"loc":{"start":{"line":317,"column":22},"end":{"line":317,"column":75}},"locations":[{"start":{"line":317,"column":22},"end":{"line":317,"column":75}}]},"74":{"type":"branch","line":320,"loc":{"start":{"line":320,"column":20},"end":{"line":320,"column":69}},"locations":[{"start":{"line":320,"column":20},"end":{"line":320,"column":69}}]},"75":{"type":"branch","line":323,"loc":{"start":{"line":323,"column":29},"end":{"line":323,"column":76}},"locations":[{"start":{"line":323,"column":29},"end":{"line":323,"column":76}}]},"76":{"type":"branch","line":330,"loc":{"start":{"line":330,"column":10},"end":{"line":332,"column":3}},"locations":[{"start":{"line":330,"column":10},"end":{"line":332,"column":3}}]},"77":{"type":"branch","line":334,"loc":{"start":{"line":334,"column":10},"end":{"line":357,"column":3}},"locations":[{"start":{"line":334,"column":10},"end":{"line":357,"column":3}}]},"78":{"type":"branch","line":341,"loc":{"start":{"line":341,"column":48},"end":{"line":345,"column":5}},"locations":[{"start":{"line":341,"column":48},"end":{"line":345,"column":5}}]},"79":{"type":"branch","line":348,"loc":{"start":{"line":348,"column":46},"end":{"line":349,"column":48}},"locations":[{"start":{"line":348,"column":46},"end":{"line":349,"column":48}}]},"80":{"type":"branch","line":350,"loc":{"start":{"line":350,"column":6},"end":{"line":354,"column":5}},"locations":[{"start":{"line":350,"column":6},"end":{"line":354,"column":5}}]},"81":{"type":"branch","line":359,"loc":{"start":{"line":359,"column":2},"end":{"line":382,"column":3}},"locations":[{"start":{"line":359,"column":2},"end":{"line":382,"column":3}}]},"82":{"type":"branch","line":377,"loc":{"start":{"line":377,"column":4},"end":{"line":381,"column":5}},"locations":[{"start":{"line":377,"column":4},"end":{"line":381,"column":5}}]},"83":{"type":"branch","line":384,"loc":{"start":{"line":384,"column":2},"end":{"line":392,"column":3}},"locations":[{"start":{"line":384,"column":2},"end":{"line":392,"column":3}}]},"84":{"type":"branch","line":389,"loc":{"start":{"line":389,"column":4},"end":{"line":391,"column":5}},"locations":[{"start":{"line":389,"column":4},"end":{"line":391,"column":5}}]}},"b":{"0":[29],"1":[29],"2":[19],"3":[10],"4":[7],"5":[6],"6":[7],"7":[6],"8":[1],"9":[0],"10":[7],"11":[6],"12":[1],"13":[7],"14":[1],"15":[6],"16":[3],"17":[3],"18":[0],"19":[3],"20":[3],"21":[5],"22":[0],"23":[6],"24":[0],"25":[0],"26":[6],"27":[7],"28":[0],"29":[1],"30":[25],"31":[7],"32":[18],"33":[6],"34":[12],"35":[6],"36":[6],"37":[0],"38":[7],"39":[52],"40":[7],"41":[45],"42":[7],"43":[38],"44":[7],"45":[31],"46":[7],"47":[24],"48":[6],"49":[18],"50":[6],"51":[12],"52":[6],"53":[6],"54":[0],"55":[8],"56":[3],"57":[5],"58":[3],"59":[2],"60":[6],"61":[2],"62":[4],"63":[3],"64":[1],"65":[6],"66":[2],"67":[5],"68":[4],"69":[1],"70":[3],"71":[0],"72":[3],"73":[18],"74":[13],"75":[9],"76":[6],"77":[6],"78":[5],"79":[3],"80":[3],"81":[6],"82":[0],"83":[1],"84":[0]},"fnMap":{"0":{"name":"<instance_members_initializer>","decl":{"start":{"line":34,"column":30},"end":{"line":393,"column":1}},"loc":{"start":{"line":34,"column":30},"end":{"line":393,"column":1}},"line":34},"1":{"name":"AIDesignAnalyzer","decl":{"start":{"line":38,"column":2},"end":{"line":46,"column":3}},"loc":{"start":{"line":38,"column":2},"end":{"line":46,"column":3}},"line":38},"2":{"name":"analyzeInspiration","decl":{"start":{"line":48,"column":2},"end":{"line":61,"column":3}},"loc":{"start":{"line":48,"column":2},"end":{"line":61,"column":3}},"line":48},"3":{"name":"extractDesignInsights","decl":{"start":{"line":63,"column":2},"end":{"line":79,"column":3}},"loc":{"start":{"line":63,"column":2},"end":{"line":79,"column":3}},"line":63},"4":{"name":"buildInsightsPrompt","decl":{"start":{"line":81,"column":10},"end":{"line":99,"column":3}},"loc":{"start":{"line":81,"column":10},"end":{"line":99,"column":3}},"line":81},"5":{"name":"callVisionAPI","decl":{"start":{"line":101,"column":2},"end":{"line":149,"column":3}},"loc":{"start":{"line":101,"column":2},"end":{"line":149,"column":3}},"line":101},"6":{"name":"parseInsightsResponse","decl":{"start":{"line":151,"column":10},"end":{"line":163,"column":3}},"loc":{"start":{"line":151,"column":10},"end":{"line":163,"column":3}},"line":151},"7":{"name":"generateDesignSystemFromInsights","decl":{"start":{"line":165,"column":2},"end":{"line":196,"column":3}},"loc":{"start":{"line":165,"column":2},"end":{"line":196,"column":3}},"line":165},"8":{"name":"convertPaletteToTokens","decl":{"start":{"line":198,"column":10},"end":{"line":215,"column":3}},"loc":{"start":{"line":198,"column":10},"end":{"line":215,"column":3}},"line":198},"9":{"name":"convertTypographyToTokens","decl":{"start":{"line":217,"column":10},"end":{"line":248,"column":3}},"loc":{"start":{"line":217,"column":10},"end":{"line":248,"column":3}},"line":217},"10":{"name":"convertSpacingToTokens","decl":{"start":{"line":250,"column":10},"end":{"line":276,"column":3}},"loc":{"start":{"line":250,"column":10},"end":{"line":276,"column":3}},"line":250},"11":{"name":"generateBorderRadiusTokens","decl":{"start":{"line":278,"column":10},"end":{"line":291,"column":3}},"loc":{"start":{"line":278,"column":10},"end":{"line":291,"column":3}},"line":278},"12":{"name":"generateShadowTokens","decl":{"start":{"line":293,"column":10},"end":{"line":305,"column":3}},"loc":{"start":{"line":293,"column":10},"end":{"line":305,"column":3}},"line":293},"13":{"name":"inferTargetAudience","decl":{"start":{"line":307,"column":10},"end":{"line":328,"column":3}},"loc":{"start":{"line":307,"column":10},"end":{"line":328,"column":3}},"line":307},"14":{"name":"generateDesignRationale","decl":{"start":{"line":330,"column":10},"end":{"line":332,"column":3}},"loc":{"start":{"line":330,"column":10},"end":{"line":332,"column":3}},"line":330},"15":{"name":"generateRecommendations","decl":{"start":{"line":334,"column":10},"end":{"line":357,"column":3}},"loc":{"start":{"line":334,"column":10},"end":{"line":357,"column":3}},"line":334},"16":{"name":"persistInsights","decl":{"start":{"line":359,"column":2},"end":{"line":382,"column":3}},"loc":{"start":{"line":359,"column":2},"end":{"line":382,"column":3}},"line":359},"17":{"name":"loadPersistedInsights","decl":{"start":{"line":384,"column":2},"end":{"line":392,"column":3}},"loc":{"start":{"line":384,"column":2},"end":{"line":392,"column":3}},"line":384},"18":{"name":"aiExtractDesignTokens","decl":{"start":{"line":396,"column":0},"end":{"line":468,"column":1}},"loc":{"start":{"line":396,"column":0},"end":{"line":468,"column":1}},"line":396},"19":{"name":"generateTailwindV4CSS","decl":{"start":{"line":470,"column":0},"end":{"line":489,"column":1}},"loc":{"start":{"line":470,"column":0},"end":{"line":489,"column":1}},"line":470}},"f":{"0":29,"1":29,"2":7,"3":7,"4":7,"5":7,"6":6,"7":6,"8":7,"9":6,"10":7,"11":8,"12":6,"13":6,"14":6,"15":6,"16":6,"17":1,"18":0,"19":0}}
,"/home/duff/SuperComponents/src/components/index.ts": {"path":"/home/duff/SuperComponents/src/components/index.ts","all":false,"statementMap":{"1":{"start":{"line":2,"column":0},"end":{"line":2,"column":54}},"4":{"start":{"line":5,"column":0},"end":{"line":5,"column":51}},"7":{"start":{"line":8,"column":0},"end":{"line":8,"column":8}},"20":{"start":{"line":21,"column":0},"end":{"line":21,"column":8}}},"s":{"1":1,"4":1,"7":1,"20":1},"branchMap":{},"b":{},"fnMap":{},"f":{}}
,"/home/duff/SuperComponents/src/components/Button/index.ts": {"path":"/home/duff/SuperComponents/src/components/Button/index.ts","all":true,"statementMap":{"0":{"start":{"line":1,"column":0},"end":{"line":1,"column":37}}},"s":{"0":0},"branchMap":{"0":{"type":"branch","line":1,"loc":{"start":{"line":1,"column":84},"end":{"line":2,"column":46}},"locations":[{"start":{"line":1,"column":84},"end":{"line":2,"column":46}}]}},"b":{"0":[0]},"fnMap":{"0":{"name":"(empty-report)","decl":{"start":{"line":1,"column":84},"end":{"line":2,"column":46}},"loc":{"start":{"line":1,"column":84},"end":{"line":2,"column":46}},"line":1}},"f":{"0":0}}
,"/home/duff/SuperComponents/src/components/Card/index.ts": {"path":"/home/duff/SuperComponents/src/components/Card/index.ts","all":true,"statementMap":{"0":{"start":{"line":1,"column":0},"end":{"line":1,"column":72}}},"s":{"0":0},"branchMap":{"0":{"type":"branch","line":1,"loc":{"start":{"line":1,"column":176},"end":{"line":7,"column":18}},"locations":[{"start":{"line":1,"column":176},"end":{"line":7,"column":18}}]}},"b":{"0":[0]},"fnMap":{"0":{"name":"(empty-report)","decl":{"start":{"line":1,"column":176},"end":{"line":7,"column":18}},"loc":{"start":{"line":1,"column":176},"end":{"line":7,"column":18}},"line":1}},"f":{"0":0}}
,"/home/duff/SuperComponents/src/components/Input/index.ts": {"path":"/home/duff/SuperComponents/src/components/Input/index.ts","all":true,"statementMap":{"0":{"start":{"line":1,"column":0},"end":{"line":1,"column":36}}},"s":{"0":0},"branchMap":{"0":{"type":"branch","line":1,"loc":{"start":{"line":1,"column":81},"end":{"line":2,"column":44}},"locations":[{"start":{"line":1,"column":81},"end":{"line":2,"column":44}}]}},"b":{"0":[0]},"fnMap":{"0":{"name":"(empty-report)","decl":{"start":{"line":1,"column":81},"end":{"line":2,"column":44}},"loc":{"start":{"line":1,"column":81},"end":{"line":2,"column":44}},"line":1}},"f":{"0":0}}
,"/home/duff/SuperComponents/src/components/Modal/index.ts": {"path":"/home/duff/SuperComponents/src/components/Modal/index.ts","all":true,"statementMap":{"0":{"start":{"line":1,"column":0},"end":{"line":1,"column":76}}},"s":{"0":0},"branchMap":{"0":{"type":"branch","line":1,"loc":{"start":{"line":1,"column":185},"end":{"line":7,"column":19}},"locations":[{"start":{"line":1,"column":185},"end":{"line":7,"column":19}}]}},"b":{"0":[0]},"fnMap":{"0":{"name":"(empty-report)","decl":{"start":{"line":1,"column":185},"end":{"line":7,"column":19}},"loc":{"start":{"line":1,"column":185},"end":{"line":7,"column":19}},"line":1}},"f":{"0":0}}
,"/home/duff/SuperComponents/src/generators/component-factory.ts": {"path":"/home/duff/SuperComponents/src/generators/component-factory.ts","all":false,"statementMap":{"0":{"start":{"line":1,"column":0},"end":{"line":1,"column":36}},"1":{"start":{"line":2,"column":0},"end":{"line":2,"column":24}},"10":{"start":{"line":11,"column":0},"end":{"line":11,"column":31}},"11":{"start":{"line":12,"column":0},"end":{"line":12,"column":43}},"13":{"start":{"line":14,"column":0},"end":{"line":14,"column":49}},"14":{"start":{"line":15,"column":0},"end":{"line":15,"column":20}},"15":{"start":{"line":16,"column":0},"end":{"line":16,"column":39}},"16":{"start":{"line":17,"column":0},"end":{"line":17,"column":33}},"17":{"start":{"line":18,"column":0},"end":{"line":18,"column":29}},"18":{"start":{"line":19,"column":0},"end":{"line":19,"column":16}},"19":{"start":{"line":20,"column":0},"end":{"line":20,"column":6}},"20":{"start":{"line":21,"column":0},"end":{"line":21,"column":3}},"25":{"start":{"line":26,"column":0},"end":{"line":26,"column":45}},"26":{"start":{"line":27,"column":0},"end":{"line":27,"column":60}},"29":{"start":{"line":30,"column":0},"end":{"line":30,"column":107}},"30":{"start":{"line":31,"column":0},"end":{"line":31,"column":104}},"31":{"start":{"line":32,"column":0},"end":{"line":32,"column":102}},"34":{"start":{"line":35,"column":0},"end":{"line":35,"column":45}},"35":{"start":{"line":36,"column":0},"end":{"line":36,"column":50}},"36":{"start":{"line":37,"column":0},"end":{"line":37,"column":5}},"37":{"start":{"line":38,"column":0},"end":{"line":38,"column":3}},"39":{"start":{"line":40,"column":0},"end":{"line":40,"column":73}},"40":{"start":{"line":41,"column":0},"end":{"line":41,"column":116}},"41":{"start":{"line":42,"column":0},"end":{"line":42,"column":117}},"42":{"start":{"line":43,"column":0},"end":{"line":43,"column":111}},"45":{"start":{"line":46,"column":0},"end":{"line":46,"column":81}},"48":{"start":{"line":49,"column":0},"end":{"line":49,"column":75}},"51":{"start":{"line":52,"column":0},"end":{"line":52,"column":71}},"52":{"start":{"line":53,"column":0},"end":{"line":53,"column":3}},"54":{"start":{"line":55,"column":0},"end":{"line":55,"column":64}},"55":{"start":{"line":56,"column":0},"end":{"line":56,"column":56}},"56":{"start":{"line":57,"column":0},"end":{"line":57,"column":62}},"58":{"start":{"line":59,"column":0},"end":{"line":59,"column":38}},"61":{"start":{"line":62,"column":0},"end":{"line":62,"column":49}},"65":{"start":{"line":66,"column":0},"end":{"line":66,"column":85}},"67":{"start":{"line":68,"column":0},"end":{"line":68,"column":15}},"71":{"start":{"line":72,"column":0},"end":{"line":72,"column":50}},"73":{"start":{"line":74,"column":0},"end":{"line":74,"column":3}},"75":{"start":{"line":76,"column":0},"end":{"line":76,"column":62}},"76":{"start":{"line":77,"column":0},"end":{"line":77,"column":60}},"78":{"start":{"line":79,"column":0},"end":{"line":79,"column":67}},"79":{"start":{"line":80,"column":0},"end":{"line":80,"column":66}},"81":{"start":{"line":82,"column":0},"end":{"line":82,"column":45}},"82":{"start":{"line":83,"column":0},"end":{"line":83,"column":39}},"83":{"start":{"line":84,"column":0},"end":{"line":84,"column":30}},"93":{"start":{"line":94,"column":0},"end":{"line":94,"column":10}},"95":{"start":{"line":96,"column":0},"end":{"line":96,"column":3}},"97":{"start":{"line":98,"column":0},"end":{"line":98,"column":59}},"98":{"start":{"line":99,"column":0},"end":{"line":99,"column":56}},"100":{"start":{"line":101,"column":0},"end":{"line":101,"column":38}},"102":{"start":{"line":103,"column":0},"end":{"line":103,"column":66}},"104":{"start":{"line":105,"column":0},"end":{"line":105,"column":36}},"105":{"start":{"line":106,"column":0},"end":{"line":106,"column":8}},"108":{"start":{"line":109,"column":0},"end":{"line":109,"column":3}},"110":{"start":{"line":111,"column":0},"end":{"line":111,"column":60}},"111":{"start":{"line":112,"column":0},"end":{"line":112,"column":28}},"112":{"start":{"line":113,"column":0},"end":{"line":113,"column":20}},"113":{"start":{"line":114,"column":0},"end":{"line":114,"column":71}},"117":{"start":{"line":118,"column":0},"end":{"line":118,"column":19}},"118":{"start":{"line":119,"column":0},"end":{"line":119,"column":69}},"123":{"start":{"line":124,"column":0},"end":{"line":124,"column":18}},"124":{"start":{"line":125,"column":0},"end":{"line":125,"column":62}},"128":{"start":{"line":129,"column":0},"end":{"line":129,"column":19}},"129":{"start":{"line":130,"column":0},"end":{"line":130,"column":62}},"135":{"start":{"line":136,"column":0},"end":{"line":136,"column":14}},"136":{"start":{"line":137,"column":0},"end":{"line":137,"column":62}},"139":{"start":{"line":140,"column":0},"end":{"line":140,"column":5}},"140":{"start":{"line":141,"column":0},"end":{"line":141,"column":3}},"142":{"start":{"line":143,"column":0},"end":{"line":143,"column":63}},"143":{"start":{"line":144,"column":0},"end":{"line":144,"column":28}},"144":{"start":{"line":145,"column":0},"end":{"line":145,"column":20}},"145":{"start":{"line":146,"column":0},"end":{"line":146,"column":23}},"164":{"start":{"line":165,"column":0},"end":{"line":165,"column":19}},"165":{"start":{"line":166,"column":0},"end":{"line":166,"column":43}},"188":{"start":{"line":189,"column":0},"end":{"line":189,"column":18}},"189":{"start":{"line":190,"column":0},"end":{"line":190,"column":20}},"205":{"start":{"line":206,"column":0},"end":{"line":206,"column":19}},"206":{"start":{"line":207,"column":0},"end":{"line":207,"column":18}},"238":{"start":{"line":239,"column":0},"end":{"line":239,"column":14}},"239":{"start":{"line":240,"column":0},"end":{"line":240,"column":62}},"242":{"start":{"line":243,"column":0},"end":{"line":243,"column":5}},"243":{"start":{"line":244,"column":0},"end":{"line":244,"column":3}},"245":{"start":{"line":246,"column":0},"end":{"line":246,"column":62}},"246":{"start":{"line":247,"column":0},"end":{"line":247,"column":28}},"247":{"start":{"line":248,"column":0},"end":{"line":248,"column":20}},"248":{"start":{"line":249,"column":0},"end":{"line":249,"column":47}},"282":{"start":{"line":283,"column":0},"end":{"line":283,"column":19}},"283":{"start":{"line":284,"column":0},"end":{"line":284,"column":47}},"312":{"start":{"line":313,"column":0},"end":{"line":313,"column":18}},"313":{"start":{"line":314,"column":0},"end":{"line":314,"column":47}},"325":{"start":{"line":326,"column":0},"end":{"line":326,"column":19}},"326":{"start":{"line":327,"column":0},"end":{"line":327,"column":47}},"342":{"start":{"line":343,"column":0},"end":{"line":343,"column":14}},"343":{"start":{"line":344,"column":0},"end":{"line":344,"column":47}},"348":{"start":{"line":349,"column":0},"end":{"line":349,"column":5}},"349":{"start":{"line":350,"column":0},"end":{"line":350,"column":3}},"351":{"start":{"line":352,"column":0},"end":{"line":352,"column":60}},"352":{"start":{"line":353,"column":0},"end":{"line":353,"column":28}},"353":{"start":{"line":354,"column":0},"end":{"line":354,"column":20}},"354":{"start":{"line":355,"column":0},"end":{"line":355,"column":56}},"371":{"start":{"line":372,"column":0},"end":{"line":372,"column":19}},"372":{"start":{"line":373,"column":0},"end":{"line":373,"column":62}},"386":{"start":{"line":387,"column":0},"end":{"line":387,"column":18}},"387":{"start":{"line":388,"column":0},"end":{"line":388,"column":57}},"396":{"start":{"line":397,"column":0},"end":{"line":397,"column":19}},"397":
[...]
:54}},"378":{"start":{"line":379,"column":0},"end":{"line":379,"column":78}},"381":{"start":{"line":382,"column":0},"end":{"line":382,"column":51}},"382":{"start":{"line":383,"column":0},"end":{"line":383,"column":22}},"383":{"start":{"line":384,"column":0},"end":{"line":384,"column":105}},"385":{"start":{"line":386,"column":0},"end":{"line":386,"column":7}},"386":{"start":{"line":387,"column":0},"end":{"line":387,"column":5}},"388":{"start":{"line":389,"column":0},"end":{"line":389,"column":50}},"389":{"start":{"line":390,"column":0},"end":{"line":390,"column":111}},"390":{"start":{"line":391,"column":0},"end":{"line":391,"column":5}},"391":{"start":{"line":392,"column":0},"end":{"line":392,"column":23}},"392":{"start":{"line":393,"column":0},"end":{"line":393,"column":66}},"393":{"start":{"line":394,"column":0},"end":{"line":394,"column":25}},"394":{"start":{"line":395,"column":0},"end":{"line":395,"column":5}},"397":{"start":{"line":398,"column":0},"end":{"line":398,"column":66}},"398":{"start":{"line":399,"column":0},"end":{"line":399,"column":47}},"401":{"start":{"line":402,"column":0},"end":{"line":402,"column":23}},"402":{"start":{"line":403,"column":0},"end":{"line":403,"column":60}},"403":{"start":{"line":404,"column":0},"end":{"line":404,"column":41}},"404":{"start":{"line":405,"column":0},"end":{"line":405,"column":5}},"407":{"start":{"line":408,"column":0},"end":{"line":408,"column":23}},"408":{"start":{"line":409,"column":0},"end":{"line":409,"column":50}},"409":{"start":{"line":410,"column":0},"end":{"line":410,"column":55}},"410":{"start":{"line":411,"column":0},"end":{"line":411,"column":5}},"413":{"start":{"line":414,"column":0},"end":{"line":414,"column":23}},"414":{"start":{"line":415,"column":0},"end":{"line":415,"column":45}},"415":{"start":{"line":416,"column":0},"end":{"line":416,"column":21}},"416":{"start":{"line":417,"column":0},"end":{"line":417,"column":9}},"417":{"start":{"line":418,"column":0},"end":{"line":418,"column":35}},"418":{"start":{"line":419,"column":0},"end":{"line":419,"column":27}},"419":{"start":{"line":420,"column":0},"end":{"line":420,"column":49}},"420":{"start":{"line":421,"column":0},"end":{"line":421,"column":31}},"421":{"start":{"line":422,"column":0},"end":{"line":422,"column":20}},"422":{"start":{"line":423,"column":0},"end":{"line":423,"column":24}},"423":{"start":{"line":424,"column":0},"end":{"line":424,"column":39}},"424":{"start":{"line":425,"column":0},"end":{"line":425,"column":47}},"425":{"start":{"line":426,"column":0},"end":{"line":426,"column":49}},"426":{"start":{"line":427,"column":0},"end":{"line":427,"column":12}},"427":{"start":{"line":428,"column":0},"end":{"line":428,"column":25}},"428":{"start":{"line":429,"column":0},"end":{"line":429,"column":29}},"429":{"start":{"line":430,"column":0},"end":{"line":430,"column":35}},"430":{"start":{"line":431,"column":0},"end":{"line":431,"column":12}},"431":{"start":{"line":432,"column":0},"end":{"line":432,"column":28}},"432":{"start":{"line":433,"column":0},"end":{"line":433,"column":41}},"433":{"start":{"line":434,"column":0},"end":{"line":434,"column":46}},"434":{"start":{"line":435,"column":0},"end":{"line":435,"column":38}},"435":{"start":{"line":436,"column":0},"end":{"line":436,"column":42}},"436":{"start":{"line":437,"column":0},"end":{"line":437,"column":33}},"437":{"start":{"line":438,"column":0},"end":{"line":438,"column":27}},"438":{"start":{"line":439,"column":0},"end":{"line":439,"column":12}},"439":{"start":{"line":440,"column":0},"end":{"line":440,"column":10}},"440":{"start":{"line":441,"column":0},"end":{"line":441,"column":13}},"441":{"start":{"line":442,"column":0},"end":{"line":442,"column":9}},"442":{"start":{"line":443,"column":0},"end":{"line":443,"column":7}},"443":{"start":{"line":444,"column":0},"end":{"line":444,"column":5}},"444":{"start":{"line":445,"column":0},"end":{"line":445,"column":3}},"446":{"start":{"line":447,"column":0},"end":{"line":447,"column":64}},"447":{"start":{"line":448,"column":0},"end":{"line":448,"column":33}},"450":{"start":{"line":451,"column":0},"end":{"line":451,"column":61}},"451":{"start":{"line":452,"column":0},"end":{"line":452,"column":50}},"452":{"start":{"line":453,"column":0},"end":{"line":453,"column":6}},"455":{"start":{"line":456,"column":0},"end":{"line":456,"column":62}},"456":{"start":{"line":457,"column":0},"end":{"line":457,"column":52}},"457":{"start":{"line":458,"column":0},"end":{"line":458,"column":6}},"460":{"start":{"line":461,"column":0},"end":{"line":461,"column":67}},"461":{"start":{"line":462,"column":0},"end":{"line":462,"column":58}},"462":{"start":{"line":463,"column":0},"end":{"line":463,"column":6}},"465":{"start":{"line":466,"column":0},"end":{"line":466,"column":54}},"466":{"start":{"line":467,"column":0},"end":{"line":467,"column":20}},"467":{"start":{"line":468,"column":0},"end":{"line":468,"column":69}},"468":{"start":{"line":469,"column":0},"end":{"line":469,"column":7}},"469":{"start":{"line":470,"column":0},"end":{"line":470,"column":6}},"471":{"start":{"line":472,"column":0},"end":{"line":472,"column":71}},"472":{"start":{"line":473,"column":0},"end":{"line":473,"column":54}},"473":{"start":{"line":474,"column":0},"end":{"line":474,"column":6}},"475":{"start":{"line":476,"column":0},"end":{"line":476,"column":73}},"476":{"start":{"line":477,"column":0},"end":{"line":477,"column":56}},"477":{"start":{"line":478,"column":0},"end":{"line":478,"column":6}},"479":{"start":{"line":480,"column":0},"end":{"line":480,"column":22}},"480":{"start":{"line":481,"column":0},"end":{"line":481,"column":30}},"481":{"start":{"line":482,"column":0},"end":{"line":482,"column":3}},"483":{"start":{"line":484,"column":0},"end":{"line":484,"column":79}},"484":{"start":{"line":485,"column":0},"end":{"line":485,"column":22}},"485":{"start":{"line":486,"column":0},"end":{"line":486,"column":40}},"486":{"start":{"line":487,"column":0},"end":{"line":487,"column":9}},"487":{"start":{"line":488,"column":0},"end":{"line":488,"column":63}},"488":{"start":{"line":489,"column":0},"end":{"line":489,"column":67}},"489":{"start":{"line":490,"column":0},"end":{"line":490,"column":9}},"490":{"start":{"line":491,"column":0},"end":{"line":491,"column":33}},"491":{"start":{"line":492,"column":0},"end":{"line":492,"column":9}},"492":{"start":{"line":493,"column":0},"end":{"line":493,"column":5}},"494":{"start":{"line":495,"column":0},"end":{"line":495,"column":52}},"495":{"start":{"line":496,"column":0},"end":{"line":496,"column":60}},"496":{"start":{"line":497,"column":0},"end":{"line":497,"column":54}},"497":{"start":{"line":498,"column":0},"end":{"line":498,"column":54}},"498":{"start":{"line":499,"column":0},"end":{"line":499,"column":23}},"499":{"start":{"line":500,"column":0},"end":{"line":500,"column":38}},"500":{"start":{"line":501,"column":0},"end":{"line":501,"column":47}},"501":{"start":{"line":502,"column":0},"end":{"line":502,"column":39}},"502":{"start":{"line":503,"column":0},"end":{"line":503,"column":8}},"503":{"start":{"line":504,"column":0},"end":{"line":504,"column":23}},"504":{"start":{"line":505,"column":0},"end":{"line":505,"column":6}},"506":{"start":{"line":507,"column":0},"end":{"line":507,"column":30}},"507":{"start":{"line":508,"column":0},"end":{"line":508,"column":3}},"509":{"start":{"line":510,"column":0},"end":{"line":510,"column":69}},"511":{"start":{"line":512,"column":0},"end":{"line":512,"column":12}},"512":{"start":{"line":513,"column":0},"end":{"line":513,"column":63}},"513":{"start":{"line":514,"column":0},"end":{"line":514,"column":50}},"514":{"start":{"line":515,"column":0},"end":{"line":515,"column":109}},"515":{"start":{"line":516,"column":0},"end":{"line":516,"column":27}},"516":{"start":{"line":517,"column":0},"end":{"line":517,"column":24}},"517":{"start":{"line":518,"column":0},"end":{"line":518,"column":30}},"518":{"start":{"line":519,"column":0},"end":{"line":519,"column":6}},"519":{"start":{"line":520,"column":0},"end":{"line":520,"column":3}},"521":{"start":{"line":522,"column":0},"end":{"line":522,"column":50}},"522":{"start":{"line":523,"column":0},"end":{"line":523,"column":62}},"523":{"start":{"line":524,"column":0},"end":{"line":524,"column":56}},"524":{"start":{"line":525,"column":0},"end":{"line":525,"column":33}},"525":{"start":{"line":526,"column":0},"end":{"line":526,"column":52}},"526":{"start":{"line":527,"column":0},"end":{"line":527,"column":3}},"527":{"start":{"line":528,"column":0},"end":{"line":528,"column":1}}},"s":{"6":1,"7":1,"8":1,"9":1,"10":1,"11":1,"12":1,"13":1,"42":1,"43":17,"44":17,"45":17,"46":17,"47":17,"48":17,"50":17,"51":17,"52":17,"53":17,"54":17,"55":17,"56":17,"57":17,"62":17,"63":0,"64":0,"65":0,"72":0,"74":0,"77":0,"78":0,"79":0,"80":0,"83":0,"84":0,"85":0,"86":0,"87":0,"90":0,"93":0,"94":0,"95":0,"96":0,"97":0,"100":0,"101":0,"102":0,"103":0,"104":0,"105":0,"106":0,"107":0,"109":0,"110":0,"111":0,"112":0,"113":0,"114":0,"115":0,"116":0,"118":17,"119":0,"120":0,"122":0,"124":0,"125":0,"126":0,"127":0,"128":0,"129":0,"130":0,"131":0,"132":0,"133":0,"134":0,"135":0,"136":0,"137":0,"138":0,"139":0,"140":0,"141":0,"142":0,"144":0,"145":0,"146":0,"147":0,"148":0,"149":0,"150":0,"152":17,"153":3,"155":3,"156":3,"157":3,"158":3,"159":3,"160":3,"161":1,"162":1,"163":3,"164":3,"165":1,"166":1,"167":3,"168":3,"169":1,"170":1,"171":3,"172":3,"174":3,"175":3,"177":17,"178":0,"179":0,"180":0,"182":0,"185":0,"188":0,"189":0,"190":0,"191":0,"192":0,"193":0,"195":0,"196":0,"198":17,"199":5,"200":5,"201":5,"203":5,"205":19,"206":4,"207":19,"209":15,"210":15,"211":15,"212":15,"213":15,"214":15,"215":15,"216":15,"217":15,"218":15,"219":15,"220":15,"222":15,"223":15,"224":14,"225":14,"226":15,"227":5,"229":5,"230":5,"232":17,"233":0,"234":0,"235":0,"236":0,"238":0,"241":0,"242":0,"243":0,"246":0,"247":0,"248":0,"250":0,"251":0,"253":17,"254":0,"255":0,"256":0,"257":0,"259":0,"260":0,"271":0,"272":0,"273":0,"275":17,"276":0,"277":0,"278":0,"279":0,"280":0,"289":0,"292":0,"293":0,"294":0,"299":0,"303":0,"305":17,"306":2,"308":1,"309":1,"310":1,"311":1,"312":1,"313":1,"314":1,"315":1,"316":1,"317":1,"318":1,"319":1,"320":1,"321":1,"322":1,"323":1,"324":1,"325":1,"326":1,"328":1,"329":2,"331":17,"332":0,"333":0,"334":0,"335":0,"336":0,"337":0,"338":0,"340":0,"341":0,"342":0,"343":0,"344":0,"345":0,"346":0,"347":0,"348":0,"352":0,"353":0,"354":0,"355":0,"356":0,"359":0,"360":0,"361":0,"362":0,"363":0,"364":0,"367":0,"368":0,"369":0,"370":0,"371":0,"372":0,"375":0,"376":0,"377":0,"378":0,"381":0,"382":0,"383":0,"385":0,"386":0,"388":0,"389":0,"390":0,"391":0,"392":0,"393":0,"394":0,"397":0,"398":0,"401":0,"402":0,"403":0,"404":0,"407":0,"408":0,"409":0,"410":0,"413":0,"414":0,"415":0,"416":0,"417":0,"418":0,"419":0,"420":0,"421":0,"422":0,"423":0,"424":0,"425":0,"426":0,"427":0,"428":0,"429":0,"430":0,"431":0,"432":0,"433":0,"434":0,"435":0,"436":0,"437":0,"438":0,"439":0,"440":0,"441":0,"442":0,"443":0,"444":0,"446":17,"447":2,"450":2,"451":3,"452":2,"455":2,"456":3,"457":2,"460":2,"461":3,"462":2,"465":2,"466":3,"467":3,"468":3,"469":2,"471":2,"472":3,"473":2,"475":2,"476":3,"477":2,"479":2,"480":2,"481":2,"483":17,"484":2,"485":2,"486":2,"487":2,"488":2,"489":2,"490":2,"491":2,"492":2,"494":2,"495":2,"496":2,"497":2,"498":2,"499":2,"500":2,"501":4,"502":2,"503":2,"504":2,"506":2,"507":2,"509":17,"511":0,"512":0,"513":0,"514":0,"515":0,"516":0,"517":0,"518":0,"519":0,"521":17,"522":0,"523":0,"524":0,"525":0,"526":0,"527":17},"branchMap":{"0":{"type":"branch","line":43,"loc":{"start":{"line":43,"column":41},"end":{"line":528,"column":1}},"locations":[{"start":{"line":43,"column":41},"end":{"line":528,"column":1}}]},"1":{"type":"branch","line":51,"loc":{"start":{"line":51,"column":2},"end":{"line":58,"column":3}},"locations":[{"start":{"line":51,"column":2},"end":{"line":58,"column":3}}]},"2":{"type":"branch","line":153,"loc":{"start":{"line":153,"column":10},"end":{"line":176,"column":3}},"locations":[{"start":{"line":153,"column":10},"end":{"line":176,"column":3}}]},"3":{"type":"branch","line":157,"loc":{"start":{"line":157,"column":6},"end":{"line":157,"column":64}},"locations":[{"start":{"line":157,"column":6},"end":{"line":157,"column":64}}]},"4":{"type":"branch","line":159,"loc":{"start":{"line":159,"column":6},"end":{"line":159,"column":67}},"locations":[{"start":{"line":159,"column":6},"end":{"line":159,"column":67}}]},"5":{"type":"branch","line":161,"loc":{"start":{"line":161,"column":6},"end":{"line":163,"column":7}},"locations":[{"start":{"line":161,"column":6},"end":{"line":163,"column":7}}]},"6":{"type":"branch","line":165,"loc":{"start":{"line":165,"column":6},"end":{"line":167,"column":7}},"locations":[{"start":{"line":165,"column":6},"end":{"line":167,"column":7}}]},"7":{"type":"branch","line":169,"loc":{"start":{"line":169,"column":6},"end":{"line":171,"column":7}},"locations":[{"start":{"line":169,"column":6},"end":{"line":171,"column":7}}]},"8":{"type":"branch","line":173,"loc":{"start":{"line":173,"column":6},"end":{"line":173,"column":76}},"locations":[{"start":{"line":173,"column":6},"end":{"line":173,"column":76}}]},"9":{"type":"branch","line":199,"loc":{"start":{"line":199,"column":10},"end":{"line":231,"column":3}},"locations":[{"start":{"line":199,"column":10},"end":{"line":231,"column":3}}]},"10":{"type":"branch","line":204,"loc":{"start":{"line":204,"column":29},"end":{"line":228,"column":5}},"locations":[{"start":{"line":204,"column":29},"end":{"line":228,"column":5}}]},"11":{"type":"branch","line":206,"loc":{"start":{"line":206,"column":33},"end":{"line":208,"column":13}},"locations":[{"start":{"line":206,"column":33},"end":{"line":208,"column":13}}]},"12":{"type":"branch","line":208,"loc":{"start":{"line":208,"column":6},"end":{"line":227,"column":7}},"locations":[{"start":{"line":208,"column":6},"end":{"line":227,"column":7}}]},"13":{"type":"branch","line":224,"loc":{"start":{"line":224,"column":22},"end":{"line":226,"column":9}},"locations":[{"start":{"line":224,"column":22},"end":{"line":226,"column":9}}]},"14":{"type":"branch","line":306,"loc":{"start":{"line":306,"column":2},"end":{"line":330,"column":3}},"locations":[{"start":{"line":306,"column":2},"end":{"line":330,"column":3}}]},"15":{"type":"branch","line":307,"loc":{"start":{"line":307,"column":37},"end":{"line":329,"column":49}},"locations":[{"start":{"line":307,"column":37},"end":{"line":329,"column":49}}]},"16":{"type":"branch","line":447,"loc":{"start":{"line":447,"column":10},"end":{"line":482,"column":3}},"locations":[{"start":{"line":447,"column":10},"end":{"line":482,"column":3}}]},"17":{"type":"branch","line":451,"loc":{"start":{"line":451,"column":42},"end":{"line":453,"column":5}},"locations":[{"start":{"line":451,"column":42},"end":{"line":453,"column":5}}]},"18":{"type":"branch","line":456,"loc":{"start":{"line":456,"column":43},"end":{"line":458,"column":5}},"locations":[{"start":{"line":456,"column":43},"end":{"line":458,"column":5}}]},"19":{"type":"branch","line":461,"loc":{"start":{"line":461,"column":48},"end":{"line":463,"column":5}},"locations":[{"start":{"line":461,"column":48},"end":{"line":463,"column":5}}]},"20":{"type":"branch","line":466,"loc":{"start":{"line":466,"column":36},"end":{"line":470,"column":5}},"locations":[{"start":{"line":466,"column":36},"end":{"line":470,"column":5}}]},"21":{"type":"branch","line":468,"loc":{"start":{"line":468,"column":30},"end":{"line":468,"column":46}},"locations":[{"start":{"line":468,"column":30},"end":{"line":468,"column":46}}]},"22":{"type":"branch","line":468,"loc":{"start":{"line":468,"column":34},"end":{"line":468,"column":57}},"locations":[{"start":{"line":468,"column":34},"end":{"line":468,"column":57}}]},"23":{"type":"branch","line":472,"loc":{"start":{"line":472,"column":52},"end":{"line":474,"column":5}},"locations":[{"start":{"line":472,"column":52},"end":{"line":474,"column":5}}]},"24":{"type":"branch","line":476,"loc":{"start":{"line":476,"column":54},"end":{"line":478,"column":5}},"locations":[{"start":{"line":476,"column":54},"end":{"line":478,"column":5}}]},"25":{"type":"branch","line":484,"loc":{"start":{"line":484,"column":10},"end":{"line":508,"column":3}},"locations":[{"start":{"line":484,"column":10},"end":{"line":508,"column":3}}]},"26":{"type":"branch","line":495,"loc":{"start":{"line":495,"column":33},"end":{"line":505,"column":5}},"locations":[{"start":{"line":495,"column":33},"end":{"line":505,"column":5}}]},"27":{"type":"branch","line":501,"loc":{"start":{"line":501,"column":31},"end":{"line":503,"column":7}},"locations":[{"start":{"line":501,"column":31},"end":{"line":503,"column":7}}]}},"b":{"0":[17],"1":[17],"2":[3],"3":[2],"4":[2],"5":[1],"6":[1],"7":[1],"8":[1],"9":[5],"10":[19],"11":[4],"12":[15],"13":[14],"14":[2],"15":[1],"16":[2],"17":[3],"18":[3],"19":[3],"20":[3],"21":[2],"22":[1],"23":[3],"24":[3],"25":[2],"26":[2],"27":[4]},"fnMap":{"0":{"name":"<instance_members_initializer>","decl":{"start":{"line":43,"column":41},"end":{"line":528,"column":1}},"loc":{"start":{"line":43,"column":41},"end":{"line":528,"column":1}},"line":43},"1":{"name":"InspirationToSystemWorkflow","decl":{"start":{"line":51,"column":2},"end":{"line":58,"column":3}},"loc":{"start":{"line":51,"column":2},"end":{"line":58,"column":3}},"line":51},"2":{"name":"generateDesignSystem","decl":{"start":{"line":63,"column":2},"end":{"line":117,"column":3}},"loc":{"start":{"line":63,"column":2},"end":{"line":117,"column":3}},"line":63},"3":{"name":"analyzeInspiration","decl":{"start":{"line":119,"column":2},"end":{"line":151,"column":3}},"loc":{"start":{"line":119,"column":2},"end":{"line":151,"column":3}},"line":119},"4":{"name":"buildContextString","decl":{"start":{"line":153,"column":10},"end":{"line":176,"column":3}},"loc":{"start":{"line":153,"column":10},"end":{"line":176,"column":3}},"line":153},"5":{"name":"generateTokens","decl":{"start":{"line":178,"column":2},"end":{"line":197,"column":3}},"loc":{"start":{"line":178,"column":2},"end":{"line":197,"column":3}},"line":178},"6":{"name":"parseColorPreferences","decl":{"start":{"line":199,"column":10},"end":{"line":231,"column":3}},"loc":{"start":{"line":199,"column":10},"end":{"line":231,"column":3}},"line":199},"7":{"name":"inferPrinciples","decl":{"start":{"line":233,"column":2},"end":{"line":252,"column":3}},"loc":{"start":{"line":233,"column":2},"end":{"line":252,"column":3}},"line":233},"8":{"name":"planComponents","decl":{"start":{"line":254,"column":2},"end":{"line":274,"column":3}},"loc":{"start":{"line":254,"column":2},"end":{"line":274,"column":3}},"line":254},"9":{"name":"createImplementationGuide","decl":{"start":{"line":276,"column":2},"end":{"line":304,"column":3}},"loc":{"start":{"line":276,"column":2},"end":{"line":304,"column":3}},"line":276},"10":{"name":"callLLM","decl":{"start":{"line":306,"column":2},"end":{"line":330,"column":3}},"loc":{"start":{"line":306,"column":2},"end":{"line":330,"column":3}},"line":306},"11":{"name":"generateProjectFiles","decl":{"start":{"line":332,"column":2},"end":{"line":445,"column":3}},"loc":{"start":{"line":332,"column":2},"end":{"line":445,"column":3}},"line":332},"12":{"name":"generateTailwindTokens","decl":{"start":{"line":447,"column":10},"end":{"line":482,"column":3}},"loc":{"start":{"line":447,"column":10},"end":{"line":482,"column":3}},"line":447},"13":{"name":"generateComponentPlanMarkdown","decl":{"start":{"line":484,"column":10},"end":{"line":508,"column":3}},"loc":{"start":{"line":484,"column":10},"end":{"line":508,"column":3}},"line":484},"14":{"name":"extractDesignInsight","decl":{"start":{"line":510,"column":10},"end":{"line":520,"column":3}},"loc":{"start":{"line":510,"column":10},"end":{"line":520,"column":3}},"line":510},"15":{"name":"calculatePassRate","decl":{"start":{"line":522,"column":10},"end":{"line":527,"column":3}},"loc":{"start":{"line":522,"column":10},"end":{"line":527,"column":3}},"line":522}},"f":{"0":17,"1":17,"2":0,"3":0,"4":3,"5":0,"6":5,"7":0,"8":0,"9":0,"10":2,"11":0,"12":2,"13":2,"14":0,"15":0}}
}
