TN:
SF:src/index.ts
FN:4,main
FNF:1
FNH:1
FNDA:1,main
DA:2,1
DA:4,1
DA:5,1
DA:6,1
DA:7,1
DA:9,1
DA:10,0
DA:11,0
DA:12,0
LF:9
LH:6
BRDA:4,0,0,1
BRF:1
BRH:1
end_of_record
TN:
SF:src/server.ts
FN:20,<instance_members_initializer>
FN:23,DesignSystemMCPServer
FN:40,setupHandlers
FN:217,start
FNF:4
FNH:4
FNDA:13,<instance_members_initializer>
FNDA:13,DesignSystemMCPServer
FNDA:13,setupHandlers
FNDA:1,start
DA:1,1
DA:2,1
DA:3,1
DA:10,1
DA:11,1
DA:12,1
DA:13,1
DA:14,1
DA:15,1
DA:16,1
DA:17,1
DA:18,1
DA:20,1
DA:21,13
DA:23,13
DA:24,13
DA:25,13
DA:26,13
DA:27,13
DA:28,13
DA:29,13
DA:30,13
DA:31,13
DA:32,13
DA:33,13
DA:34,13
DA:35,13
DA:37,13
DA:38,13
DA:40,13
DA:42,13
DA:43,0
DA:44,0
DA:45,0
DA:46,0
DA:47,0
DA:48,0
DA:49,0
DA:50,0
DA:51,0
DA:52,0
DA:53,0
DA:54,0
DA:55,0
DA:56,0
DA:57,0
DA:58,0
DA:59,0
DA:60,0
DA:61,0
DA:62,0
DA:63,0
DA:64,0
DA:65,0
DA:66,0
DA:67,0
DA:68,0
DA:69,0
DA:70,0
DA:71,0
DA:72,0
DA:73,0
DA:74,0
DA:75,0
DA:76,0
DA:77,0
DA:78,0
DA:79,0
DA:80,0
DA:81,0
DA:82,0
DA:83,0
DA:84,0
DA:85,0
DA:86,0
DA:87,0
DA:88,0
DA:89,0
DA:90,0
DA:91,0
DA:92,0
DA:93,0
DA:94,0
DA:95,0
DA:96,0
DA:97,0
DA:98,0
DA:99,0
DA:100,0
DA:101,0
DA:102,0
DA:103,0
DA:104,0
DA:105,0
DA:106,0
DA:107,0
DA:108,0
DA:109,0
DA:110,0
DA:111,0
DA:112,0
DA:113,0
DA:114,0
DA:115,0
DA:116,0
DA:117,0
DA:118,0
DA:119,0
DA:120,0
DA:121,0
DA:122,0
DA:123,0
DA:124,0
DA:125,0
DA:126,0
DA:127,0
DA:128,0
DA:129,0
DA:130,0
DA:131,0
DA:132,0
DA:133,0
DA:134,0
DA:135,0
DA:136,0
DA:137,0
DA:138,0
DA:139,0
DA:140,0
DA:141,0
DA:142,0
DA:143,0
DA:144,0
DA:145,0
DA:146,0
DA:147,0
DA:148,0
DA:149,0
DA:150,0
DA:151,0
DA:152,0
DA:153,0
DA:154,0
DA:155,13
DA:158,13
DA:159,0
DA:160,0
DA:161,0
DA:162,0
DA:163,0
DA:164,0
DA:165,0
DA:166,0
DA:167,0
DA:168,0
DA:169,0
DA:170,0
DA:171,0
DA:172,0
DA:173,0
DA:174,0
DA:175,0
DA:176,13
DA:179,13
DA:180,0
DA:182,0
DA:183,0
DA:184,0
DA:185,0
DA:186,0
DA:187,0
DA:188,0
DA:189,0
DA:190,0
DA:191,0
DA:192,0
DA:193,0
DA:194,0
DA:195,0
DA:196,0
DA:197,0
DA:198,13
DA:201,13
DA:202,0
DA:204,0
DA:205,0
DA:206,0
DA:207,0
DA:208,0
DA:209,0
DA:210,0
DA:211,0
DA:212,0
DA:213,0
DA:214,13
DA:215,13
DA:217,13
DA:218,1
DA:219,1
DA:220,1
DA:221,1
DA:222,13
LF:202
LH:45
BRDA:20,0,0,13
BRDA:23,1,0,13
BRDA:40,2,0,13
BRDA:217,3,0,1
BRF:4
BRH:4
end_of_record
TN:
SF:src/test-components.ts
FN:1,(empty-report)
FNF:1
FNH:1
FNDA:1,(empty-report)
DA:2,0
DA:6,0
DA:7,0
DA:8,0
DA:9,0
DA:10,0
DA:11,0
DA:12,0
DA:13,0
DA:15,0
DA:16,0
DA:17,0
DA:19,0
DA:20,0
LF:14
LH:0
BRDA:1,0,0,1
BRF:1
BRH:1
end_of_record
TN:
SF:src/ai/design-analyzer.ts
FN:34,<instance_members_initializer>
FN:38,AIDesignAnalyzer
FN:48,analyzeInspiration
FN:63,extractDesignInsights
FN:81,buildInsightsPrompt
FN:101,callVisionAPI
FN:151,parseInsightsResponse
FN:165,generateDesignSystemFromInsights
FN:198,convertPaletteToTokens
FN:217,convertTypographyToTokens
FN:250,convertSpacingToTokens
FN:278,generateBorderRadiusTokens
FN:293,generateShadowTokens
FN:307,inferTargetAudience
FN:330,generateDesignRationale
FN:334,generateRecommendations
FN:359,persistInsights
FN:384,loadPersistedInsights
FN:396,aiExtractDesignTokens
FN:470,generateTailwindV4CSS
FNF:20
FNH:18
FNDA:29,<instance_members_initializer>
FNDA:29,AIDesignAnalyzer
FNDA:7,analyzeInspiration
FNDA:7,extractDesignInsights
FNDA:7,buildInsightsPrompt
FNDA:7,callVisionAPI
FNDA:6,parseInsightsResponse
FNDA:6,generateDesignSystemFromInsights
FNDA:7,convertPaletteToTokens
FNDA:6,convertTypographyToTokens
FNDA:7,convertSpacingToTokens
FNDA:8,generateBorderRadiusTokens
FNDA:6,generateShadowTokens
FNDA:6,inferTargetAudience
FNDA:6,generateDesignRationale
FNDA:6,generateRecommendations
FNDA:6,persistInsights
FNDA:1,loadPersistedInsights
FNDA:0,aiExtractDesignTokens
FNDA:0,generateTailwindV4CSS
DA:1,1
DA:7,1
DA:8,1
DA:9,1
DA:11,1
DA:12,1
DA:13,1
DA:14,1
DA:15,1
DA:16,1
DA:17,1
DA:18,1
DA:34,1
DA:35,29
DA:36,29
DA:38,29
DA:39,29
DA:40,29
DA:41,10
DA:42,10
DA:43,10
DA:44,10
DA:45,29
DA:46,29
DA:48,29
DA:49,7
DA:50,6
DA:51,6
DA:52,6
DA:53,6
DA:55,6
DA:57,6
DA:58,6
DA:59,6
DA:60,6
DA:61,7
DA:63,29
DA:64,7
DA:65,7
DA:66,7
DA:68,7
DA:69,7
DA:70,6
DA:72,6
DA:73,6
DA:74,7
DA:75,1
DA:76,1
DA:77,1
DA:78,1
DA:79,7
DA:81,29
DA:82,7
DA:96,7
DA:99,7
DA:101,29
DA:102,7
DA:103,7
DA:104,7
DA:105,7
DA:107,1
DA:108,1
DA:109,1
DA:110,1
DA:111,1
DA:112,1
DA:113,1
DA:114,1
DA:115,1
DA:117,6
DA:118,6
DA:119,6
DA:120,6
DA:121,6
DA:122,3
DA:123,3
DA:124,3
DA:125,3
DA:126,3
DA:127,3
DA:128,3
DA:129,3
DA:130,3
DA:131,3
DA:132,3
DA:133,3
DA:134,3
DA:135,3
DA:136,3
DA:137,3
DA:138,7
DA:139,7
DA:141,7
DA:142,7
DA:143,7
DA:144,7
DA:145,7
DA:146,7
DA:148,7
DA:149,7
DA:151,29
DA:152,6
DA:154,6
DA:155,6
DA:157,6
DA:158,6
DA:159,0
DA:160,0
DA:161,0
DA:162,0
DA:163,6
DA:165,29
DA:166,6
DA:167,6
DA:168,6
DA:170,6
DA:171,6
DA:172,6
DA:173,6
DA:174,6
DA:175,6
DA:176,6
DA:179,6
DA:180,6
DA:181,6
DA:182,6
DA:183,6
DA:184,6
DA:185,6
DA:186,6
DA:187,6
DA:188,6
DA:190,6
DA:191,6
DA:192,6
DA:193,6
DA:194,6
DA:195,6
DA:196,6
DA:198,29
DA:199,7
DA:201,7
DA:202,25
DA:203,18
DA:204,12
DA:205,6
DA:206,7
DA:209,7
DA:210,7
DA:211,7
DA:212,7
DA:214,7
DA:215,7
DA:217,29
DA:218,6
DA:219,6
DA:220,6
DA:221,6
DA:222,6
DA:223,6
DA:224,6
DA:225,6
DA:226,6
DA:227,6
DA:228,6
DA:229,6
DA:230,6
DA:231,6
DA:232,6
DA:233,6
DA:234,6
DA:235,6
DA:236,6
DA:237,6
DA:238,6
DA:239,6
DA:240,6
DA:241,6
DA:242,6
DA:243,6
DA:244,6
DA:245,6
DA:246,6
DA:247,6
DA:248,6
DA:250,29
DA:251,7
DA:253,7
DA:254,52
DA:255,52
DA:256,7
DA:257,45
DA:258,7
DA:259,38
DA:260,7
DA:261,31
DA:262,7
DA:263,24
DA:264,6
DA:265,18
DA:266,6
DA:267,12
DA:268,6
DA:269,6
DA:270,6
DA:271,0
DA:272,52
DA:273,7
DA:275,7
DA:276,7
DA:278,29
DA:279,8
DA:280,8
DA:281,8
DA:283,8
DA:284,8
DA:285,8
DA:286,8
DA:287,8
DA:288,8
DA:289,8
DA:290,8
DA:291,8
DA:293,29
DA:294,6
DA:295,6
DA:296,6
DA:297,6
DA:299,6
DA:300,6
DA:301,6
DA:302,6
DA:303,6
DA:304,6
DA:305,6
DA:307,29
DA:308,6
DA:309,6
DA:310,6
DA:311,6
DA:312,6
DA:313,6
DA:314,6
DA:315,6
DA:317,6
DA:318,2
DA:319,2
DA:320,4
DA:321,4
DA:322,1
DA:323,4
DA:324,0
DA:325,0
DA:327,3
DA:328,6
DA:330,29
DA:331,6
DA:332,6
DA:334,29
DA:335,6
DA:336,6
DA:337,6
DA:338,6
DA:339,6
DA:341,6
DA:342,5
DA:343,5
DA:344,5
DA:345,5
DA:347,6
DA:348,6
DA:349,3
DA:350,6
DA:351,3
DA:352,3
DA:353,3
DA:354,3
DA:356,6
DA:357,6
DA:359,29
DA:360,6
DA:361,6
DA:362,6
DA:363,6
DA:364,6
DA:366,6
DA:367,6
DA:368,6
DA:369,6
DA:370,6
DA:371,6
DA:373,6
DA:374,6
DA:375,6
DA:376,6
DA:377,6
DA:378,0
DA:379,0
DA:380,0
DA:381,0
DA:382,6
DA:384,29
DA:385,1
DA:386,1
DA:387,1
DA:388,1
DA:389,1
DA:390,0
DA:391,0
DA:392,1
DA:393,29
DA:396,0
DA:404,0
DA:405,0
DA:406,0
DA:408,0
DA:409,0
DA:410,0
DA:411,0
DA:412,0
DA:415,0
DA:418,0
DA:421,0
DA:424,0
DA:425,0
DA:426,0
DA:427,0
DA:428,0
DA:431,0
DA:432,0
DA:433,0
DA:436,0
DA:437,0
DA:438,0
DA:441,0
DA:444,0
DA:448,0
DA:453,0
DA:454,0
DA:455,0
DA:456,0
DA:457,0
DA:458,0
DA:459,0
DA:460,0
DA:461,0
DA:462,0
DA:463,0
DA:464,0
DA:465,0
DA:466,0
DA:467,0
DA:468,0
DA:470,0
DA:471,0
DA:472,0
DA:473,0
DA:474,0
DA:475,0
DA:476,0
DA:477,0
DA:479,0
DA:480,0
DA:481,0
DA:483,0
DA:484,0
DA:485,0
DA:487,0
DA:488,0
DA:489,0
LF:370
LH:298
BRDA:34,0,0,29
BRDA:38,1,0,29
BRDA:39,2,0,19
BRDA:40,3,0,10
BRDA:48,4,0,7
BRDA:49,5,0,6
BRDA:63,6,0,7
BRDA:69,7,0,6
BRDA:74,8,0,1
BRDA:76,9,0,0
BRDA:81,10,0,7
BRDA:96,11,0,6
BRDA:96,12,0,1
BRDA:101,13,0,7
BRDA:105,14,0,1
BRDA:115,15,0,6
BRDA:121,16,0,3
BRDA:131,17,0,3
BRDA:135,18,0,0
BRDA:142,19,0,3
BRDA:142,20,0,3
BRDA:146,21,0,5
BRDA:148,22,0,0
BRDA:151,23,0,6
BRDA:155,24,0,0
BRDA:158,25,0,0
BRDA:165,26,0,6
BRDA:198,27,0,7
BRDA:209,28,0,0
BRDA:210,29,0,1
BRDA:201,30,0,25
BRDA:202,31,0,7
BRDA:202,32,0,18
BRDA:203,33,0,6
BRDA:203,34,0,12
BRDA:204,35,0,6
BRDA:217,36,0,6
BRDA:222,37,0,0
BRDA:250,38,0,7
BRDA:253,39,0,52
BRDA:255,40,0,7
BRDA:256,41,0,45
BRDA:257,42,0,7
BRDA:258,43,0,38
BRDA:259,44,0,7
BRDA:260,45,0,31
BRDA:261,46,0,7
BRDA:262,47,0,24
BRDA:263,48,0,6
BRDA:264,49,0,18
BRDA:265,50,0,6
BRDA:266,51,0,12
BRDA:267,52,0,6
BRDA:268,53,0,6
BRDA:270,54,0,0
BRDA:278,55,0,8
BRDA:281,56,0,3
BRDA:281,57,0,5
BRDA:281,58,0,3
BRDA:281,59,0,2
BRDA:293,60,0,6
BRDA:297,61,0,2
BRDA:297,62,0,4
BRDA:297,63,0,3
BRDA:297,64,0,1
BRDA:307,65,0,6
BRDA:317,66,0,2
BRDA:319,67,0,5
BRDA:319,68,0,4
BRDA:321,69,0,1
BRDA:323,70,0,3
BRDA:323,71,0,0
BRDA:325,72,0,3
BRDA:317,73,0,18
BRDA:320,74,0,13
BRDA:323,75,0,9
BRDA:330,76,0,6
BRDA:334,77,0,6
BRDA:341,78,0,5
BRDA:348,79,0,3
BRDA:350,80,0,3
BRDA:359,81,0,6
BRDA:377,82,0,0
BRDA:384,83,0,1
BRDA:389,84,0,0
BRF:85
BRH:74
end_of_record
TN:
SF:src/components/index.ts
FNF:0
FNH:0
DA:2,1
DA:5,1
DA:8,1
DA:21,1
LF:4
LH:4
BRF:0
BRH:0
end_of_record
TN:
SF:src/components/Button/index.ts
FN:1,(empty-report)
FNF:1
FNH:0
FNDA:0,(empty-report)
DA:1,0
LF:1
LH:0
BRDA:1,0,0,0
BRF:1
BRH:0
end_of_record
TN:
SF:src/components/Card/index.ts
FN:1,(empty-report)
FNF:1
FNH:0
FNDA:0,(empty-report)
DA:1,0
LF:1
LH:0
BRDA:1,0,0,0
BRF:1
BRH:0
end_of_record
TN:
SF:src/components/Input/index.ts
FN:1,(empty-report)
FNF:1
FNH:0
FNDA:0,(empty-report)
DA:1,0
LF:1
LH:0
BRDA:1,0,0,0
BRF:1
BRH:0
end_of_record
TN:
SF:src/components/Modal/index.ts
FN:1,(empty-report)
FNF:1
FNH:0
FNDA:0,(empty-report)
DA:1,0
LF:1
LH:0
BRDA:1,0,0,0
BRF:1
BRH:0
end_of_record
TN:
SF:src/generators/component-factory.ts
FN:11,<instance_members_initializer>
FN:14,ComponentFactory
FN:26,scaffoldComponents
FN:40,generateComponent
FN:55,generateComponentFile
FN:76,generateStoriesFile
FN:98,generateTestFile
FN:111,getComponentProps
FN:143,getComponentTemplate
FN:246,getComponentStories
FN:352,getComponentTests
FNF:11
FNH:11
FNDA:19,<instance_members_initializer>
FNDA:19,ComponentFactory
FNDA:1,scaffoldComponents
FNDA:4,generateComponent
FNDA:4,generateComponentFile
FNDA:4,generateStoriesFile
FNDA:4,generateTestFile
FNDA:4,getComponentProps
FNDA:4,getComponentTemplate
FNDA:4,getComponentStories
FNDA:4,getComponentTests
DA:1,1
DA:2,1
DA:11,1
DA:12,19
DA:14,19
DA:15,19
DA:16,19
DA:17,19
DA:18,19
DA:19,19
DA:20,19
DA:21,19
DA:26,19
DA:27,1
DA:30,1
DA:31,1
DA:32,1
DA:35,1
DA:36,4
DA:37,4
DA:38,1
DA:40,19
DA:41,4
DA:42,4
DA:43,4
DA:46,4
DA:49,4
DA:52,4
DA:53,4
DA:55,19
DA:56,4
DA:57,4
DA:59,4
DA:62,4
DA:66,4
DA:68,4
DA:72,4
DA:74,4
DA:76,19
DA:77,4
DA:79,4
DA:80,4
DA:82,4
DA:83,4
DA:84,4
DA:94,4
DA:96,4
DA:98,19
DA:99,4
DA:101,4
DA:103,4
DA:105,4
DA:106,4
DA:109,4
DA:111,19
DA:112,4
DA:113,4
DA:114,1
DA:118,4
DA:119,1
DA:124,4
DA:125,1
DA:129,4
DA:130,1
DA:136,4
DA:137,0
DA:140,4
DA:141,4
DA:143,19
DA:144,4
DA:145,4
DA:146,1
DA:165,4
DA:166,1
DA:189,4
DA:190,1
DA:206,4
DA:207,1
DA:239,4
DA:240,0
DA:243,4
DA:244,4
DA:246,19
DA:247,4
DA:248,4
DA:249,1
DA:283,4
DA:284,1
DA:313,4
DA:314,1
DA:326,4
DA:327,1
DA:343,4
DA:344,0
DA:349,4
DA:350,4
DA:352,19
DA:353,4
DA:354,4
DA:355,1
DA:372,4
DA:373,1
DA:387,4
DA:388,1
DA:397,4
DA:398,1
DA:415,4
DA:416,0
DA:417,0
DA:420,4
DA:421,4
DA:422,19
LF:112
LH:107
BRDA:11,0,0,19
BRDA:14,1,0,19
BRDA:26,2,0,1
BRDA:35,3,0,4
BRDA:40,4,0,4
BRDA:55,5,0,4
BRDA:76,6,0,4
BRDA:98,7,0,4
BRDA:111,8,0,4
BRDA:113,9,0,1
BRDA:118,10,0,1
BRDA:124,11,0,1
BRDA:129,12,0,1
BRDA:136,13,0,0
BRDA:143,14,0,4
BRDA:145,15,0,1
BRDA:165,16,0,1
BRDA:189,17,0,1
BRDA:206,18,0,1
BRDA:239,19,0,0
BRDA:246,20,0,4
BRDA:248,21,0,1
BRDA:283,22,0,1
BRDA:313,23,0,1
BRDA:326,24,0,1
BRDA:343,25,0,0
BRDA:352,26,0,4
BRDA:354,27,0,1
BRDA:372,28,0,1
BRDA:387,29,0,1
BRDA:397,30,0,1
BRDA:415,31,0,0
BRF:32
BRH:28
end_of_record
TN:
SF:src/generators/principles.ts
FN:9,<instance_members_initializer>
FN:12,PrincipleGenerator
FN:24,generatePrinciples
FN:45,generateBrandIdentity
FN:66,generateTargetAudience
FN:92,generateCoreValues
FN:132,generateDesignGoals
FN:180,generateConstraints
FN:219,generateMarkdown
FN:256,generateRefinementPrompt
FNF:10
FNH:8
FNDA:19,<instance_members_initializer>
FNDA:19,PrincipleGenerator
FNDA:1,generatePrinciples
FNDA:1,generateBrandIdentity
FNDA:1,generateTargetAudience
FNDA:1,generateCoreValues
FNDA:1,generateDesignGoals
FNDA:1,generateConstraints
FNDA:0,generateMarkdown
FNDA:0,generateRefinementPrompt
DA:9,1
DA:10,19
DA:12,19
DA:13,19
DA:14,19
DA:15,19
DA:16,19
DA:17,19
DA:18,19
DA:19,19
DA:24,19
DA:25,1
DA:26,1
DA:27,1
DA:28,1
DA:29,1
DA:30,1
DA:31,0
DA:33,1
DA:34,1
DA:35,1
DA:36,1
DA:37,1
DA:38,1
DA:39,1
DA:40,1
DA:45,19
DA:46,1
DA:47,1
DA:49,1
DA:50,0
DA:51,0
DA:53,1
DA:54,1
DA:55,1
DA:56,1
DA:57,1
DA:58,1
DA:60,1
DA:61,1
DA:66,19
DA:67,1
DA:68,1
DA:70,1
DA:71,1
DA:72,1
DA:73,1
DA:74,1
DA:76,1
DA:78,1
DA:79,0
DA:80,0
DA:82,1
DA:83,0
DA:84,0
DA:86,1
DA:87,1
DA:92,19
DA:93,1
DA:94,1
DA:95,1
DA:98,1
DA:99,0
DA:100,1
DA:101,0
DA:102,1
DA:103,1
DA:104,1
DA:107,1
DA:108,1
DA:109,1
DA:110,1
DA:111,0
DA:112,0
DA:113,1
DA:114,0
DA:115,0
DA:116,1
DA:117,0
DA:118,0
DA:121,1
DA:122,0
DA:123,0
DA:124,0
DA:126,1
DA:127,1
DA:132,19
DA:133,1
DA:134,1
DA:135,1
DA:138,1
DA:139,1
DA:140,1
DA:141,1
DA:142,1
DA:143,1
DA:144,1
DA:145,1
DA:146,1
DA:147,1
DA:148,1
DA:150,1
DA:153,1
DA:154,0
DA:155,0
DA:156,1
DA:157,0
DA:158,0
DA:159,1
DA:160,0
DA:161,0
DA:164,1
DA:165,1
DA:166,1
DA:167,1
DA:168,1
DA:169,1
DA:170,1
DA:171,1
DA:172,1
DA:174,1
DA:175,1
DA:180,19
DA:181,1
DA:182,1
DA:183,1
DA:186,1
DA:187,1
DA:188,1
DA:189,1
DA:190,1
DA:193,1
DA:194,0
DA:195,1
DA:196,0
DA:197,0
DA:200,1
DA:201,1
DA:202,1
DA:203,1
DA:204,1
DA:207,1
DA:208,1
DA:209,1
DA:210,1
DA:211,1
DA:213,1
DA:214,1
DA:219,19
DA:220,0
DA:221,0
DA:222,0
DA:223,0
DA:224,0
DA:225,0
DA:226,0
DA:227,0
DA:228,0
DA:229,0
DA:230,0
DA:231,0
DA:232,0
DA:233,0
DA:234,0
DA:236,0
DA:237,0
DA:238,0
DA:239,0
DA:240,0
DA:241,0
DA:242,0
DA:244,0
DA:245,0
DA:246,0
DA:247,0
DA:248,0
DA:250,0
DA:251,0
DA:256,19
DA:257,0
DA:258,0
DA:259,0
DA:260,0
DA:261,0
DA:262,0
DA:263,0
DA:264,0
DA:265,0
DA:266,0
DA:267,0
DA:268,0
DA:269,0
DA:271,0
DA:272,0
DA:273,0
DA:274,0
DA:275,0
DA:276,0
DA:277,0
DA:278,0
DA:279,0
DA:280,0
DA:282,0
DA:283,0
DA:284,0
DA:285,0
DA:286,0
DA:287,0
DA:288,0
DA:289,0
DA:290,0
DA:292,0
DA:293,0
DA:294,19
DA:296,1
LF:215
LH:125
BRDA:9,0,0,19
BRDA:12,1,0,19
BRDA:24,2,0,1
BRDA:30,3,0,0
BRDA:45,4,0,1
BRDA:49,5,0,0
BRDA:66,6,0,1
BRDA:78,7,0,0
BRDA:82,8,0,0
BRDA:92,9,0,1
BRDA:98,10,0,0
BRDA:100,11,0,0
BRDA:107,12,0,0
BRDA:110,13,0,0
BRDA:113,14,0,0
BRDA:116,15,0,0
BRDA:121,16,0,0
BRDA:132,17,0,1
BRDA:153,18,0,0
BRDA:156,19,0,0
BRDA:159,20,0,0
BRDA:180,21,0,1
BRDA:193,22,0,0
BRDA:195,23,0,0
BRF:24
BRH:8
end_of_record
TN:
SF:src/generators/tailwind-config.ts
FN:10,<instance_members_initializer>
FN:13,TailwindConfigGenerator
FN:20,generateConfig
FN:25,buildConfigObject
FN:64,mapTokensToTheme
FN:92,mapColorTokens
FN:108,extractColorValues
FN:121,mapTypographyTokens
FN:147,mapSpacingTokens
FN:152,mapSizingTokens
FN:159,mapBorderRadiusTokens
FN:167,mapShadowTokens
FN:172,mapTransitionTokens
FN:196,extractTokenValues
FN:207,formatAsTypeScript
FN:224,generateUtilities
FN:236,generateTokenUtilities
FN:263,getCSSProperty
FN:284,generateCSSCustomProperties
FN:292,extractCSSVariables
FNF:20
FNH:20
FNDA:66,<instance_members_initializer>
FNDA:66,TailwindConfigGenerator
FNDA:28,generateConfig
FNDA:28,buildConfigObject
FNDA:28,mapTokensToTheme
FNDA:26,mapColorTokens
FNDA:82,extractColorValues
FNDA:25,mapTypographyTokens
FNDA:25,mapSpacingTokens
FNDA:9,mapSizingTokens
FNDA:25,mapBorderRadiusTokens
FNDA:24,mapShadowTokens
FNDA:24,mapTransitionTokens
FNDA:236,extractTokenValues
FNDA:28,formatAsTypeScript
FNDA:3,generateUtilities
FNDA:50,generateTokenUtilities
FNDA:165,getCSSProperty
FNDA:5,generateCSSCustomProperties
FNDA:84,extractCSSVariables
DA:10,1
DA:11,66
DA:13,66
DA:14,66
DA:15,66
DA:20,66
DA:21,28
DA:22,28
DA:23,28
DA:25,66
DA:26,28
DA:27,28
DA:28,28
DA:29,28
DA:30,28
DA:31,28
DA:32,28
DA:33,28
DA:34,28
DA:35,28
DA:36,28
DA:39,28
DA:40,2
DA:41,2
DA:44,28
DA:45,2
DA:46,2
DA:49,28
DA:52,28
DA:53,1
DA:54,1
DA:57,28
DA:58,2
DA:59,2
DA:61,28
DA:62,28
DA:64,66
DA:65,28
DA:66,159
DA:67,159
DA:68,26
DA:69,26
DA:70,159
DA:71,25
DA:72,25
DA:73,159
DA:74,25
DA:75,25
DA:76,159
DA:77,9
DA:78,9
DA:79,159
DA:80,25
DA:81,25
DA:82,159
DA:83,24
DA:84,24
DA:85,159
DA:86,24
DA:87,24
DA:88,159
DA:89,28
DA:90,28
DA:92,66
DA:93,26
DA:95,26
DA:96,84
DA:98,2
DA:99,84
DA:101,82
DA:102,82
DA:103,82
DA:104,82
DA:105,26
DA:106,26
DA:108,66
DA:109,82
DA:110,82
DA:111,82
DA:112,82
DA:113,425
DA:114,425
DA:115,425
DA:116,0
DA:117,0
DA:118,82
DA:119,82
DA:121,66
DA:122,25
DA:123,25
DA:124,25
DA:125,25
DA:126,100
DA:127,100
DA:128,24
DA:129,24
DA:130,24
DA:131,100
DA:132,24
DA:133,24
DA:134,24
DA:135,100
DA:136,24
DA:137,24
DA:138,24
DA:139,100
DA:140,24
DA:141,24
DA:142,24
DA:143,100
DA:144,25
DA:145,25
DA:147,66
DA:148,25
DA:149,25
DA:150,25
DA:152,66
DA:153,9
DA:154,9
DA:155,9
DA:156,9
DA:157,9
DA:159,66
DA:160,25
DA:161,25
DA:162,25
DA:163,25
DA:164,25
DA:165,25
DA:167,66
DA:168,24
DA:169,24
DA:170,24
DA:172,66
DA:173,24
DA:174,24
DA:175,24
DA:176,24
DA:177,48
DA:178,48
DA:179,24
DA:180,24
DA:181,24
DA:182,24
DA:183,24
DA:184,24
DA:185,48
DA:186,24
DA:187,24
DA:188,24
DA:189,24
DA:190,24
DA:191,24
DA:192,48
DA:193,24
DA:194,24
DA:196,66
DA:197,236
DA:198,236
DA:199,236
DA:200,236
DA:201,1173
DA:202,1171
DA:203,1171
DA:204,236
DA:205,236
DA:207,66
DA:208,28
DA:211,28
DA:213,28
DA:218,28
DA:219,28
DA:224,66
DA:225,3
DA:227,3
DA:229,3
DA:230,3
DA:231,3
DA:233,3
DA:234,3
DA:236,66
DA:237,50
DA:238,50
DA:239,50
DA:240,50
DA:241,50
DA:242,212
DA:244,212
DA:245,165
DA:246,165
DA:248,165
DA:249,165
DA:250,165
DA:251,165
DA:252,165
DA:253,212
DA:254,47
DA:255,47
DA:256,47
DA:257,47
DA:258,47
DA:259,47
DA:260,50
DA:261,50
DA:263,66
DA:264,165
DA:265,165
DA:266,165
DA:267,165
DA:268,165
DA:269,165
DA:270,165
DA:271,165
DA:272,165
DA:273,165
DA:274,165
DA:275,165
DA:276,165
DA:278,165
DA:279,165
DA:284,66
DA:285,5
DA:287,5
DA:289,5
DA:290,5
DA:292,66
DA:293,84
DA:294,84
DA:295,84
DA:296,84
DA:297,84
DA:298,380
DA:300,380
DA:301,301
DA:302,301
DA:303,301
DA:304,380
DA:305,79
DA:306,79
DA:307,84
DA:308,84
DA:309,66
DA:311,1
LF:243
LH:241
BRDA:10,0,0,66
BRDA:13,1,0,66
BRDA:20,2,0,28
BRDA:25,3,0,28
BRDA:39,4,0,2
BRDA:44,5,0,2
BRDA:52,6,0,1
BRDA:57,7,0,2
BRDA:64,8,0,28
BRDA:65,9,0,159
BRDA:67,10,0,26
BRDA:70,11,0,25
BRDA:73,12,0,25
BRDA:76,13,0,9
BRDA:79,14,0,25
BRDA:82,15,0,24
BRDA:85,16,0,24
BRDA:92,17,0,26
BRDA:95,18,0,84
BRDA:96,19,0,2
BRDA:99,20,0,82
BRDA:108,21,0,82
BRDA:112,22,0,425
BRDA:115,23,0,0
BRDA:121,24,0,25
BRDA:125,25,0,100
BRDA:127,26,0,24
BRDA:131,27,0,24
BRDA:135,28,0,24
BRDA:139,29,0,24
BRDA:147,30,0,25
BRDA:152,31,0,9
BRDA:159,32,0,25
BRDA:167,33,0,24
BRDA:172,34,0,24
BRDA:176,35,0,48
BRDA:178,36,0,24
BRDA:185,37,0,24
BRDA:196,38,0,236
BRDA:200,39,0,1173
BRDA:201,40,0,1171
BRDA:201,41,0,1171
BRDA:207,42,0,28
BRDA:224,43,0,3
BRDA:236,44,0,50
BRDA:241,45,0,212
BRDA:242,46,0,193
BRDA:242,47,0,19
BRDA:244,48,0,165
BRDA:253,49,0,47
BRDA:263,50,0,165
BRDA:278,51,0,0
BRDA:284,52,0,5
BRDA:292,53,0,84
BRDA:297,54,0,380
BRDA:298,55,0,348
BRDA:298,56,0,32
BRDA:300,57,0,301
BRDA:304,58,0,79
BRF:59
BRH:57
end_of_record
TN:
SF:src/generators/tokens.ts
FN:23,<instance_members_initializer>
FN:26,TokenGenerator
FN:38,generateTokens
FN:63,generateColorTokens
FN:135,generateTypographyTokens
FN:192,generateSpacingTokens
FN:246,generateSizingTokens
FN:290,generateBorderRadiusTokens
FN:328,generateShadowTokens
FN:364,generateTransitionTokens
FN:386,convertToLegacyFormat
FN:464,extractColorsFromW3C
FN:480,getFontSizeScale
FN:518,getDensityMultiplier
FN:527,hexToRgb
FN:538,rgbToHex
FN:542,lightenColor
FN:553,darkenColor
FN:564,calculateLuminance
FN:576,calculateContrastRatio
FN:585,validateAndAdjustContrast
FN:618,adjustColorForContrast
FN:642,validateContrast
FNF:23
FNH:23
FNDA:93,<instance_members_initializer>
FNDA:93,TokenGenerator
FNDA:58,generateTokens
FNDA:59,generateColorTokens
FNDA:59,generateTypographyTokens
FNDA:59,generateSpacingTokens
FNDA:59,generateSizingTokens
FNDA:59,generateBorderRadiusTokens
FNDA:58,generateShadowTokens
FNDA:58,generateTransitionTokens
FNDA:4,convertToLegacyFormat
FNDA:20,extractColorsFromW3C
FNDA:59,getFontSizeScale
FNDA:235,getDensityMultiplier
FNDA:2567,hexToRgb
FNDA:1353,rgbToHex
FNDA:552,lightenColor
FNDA:803,darkenColor
FNDA:1212,calculateLuminance
FNDA:606,calculateContrastRatio
FNDA:57,validateAndAdjustContrast
FNDA:118,adjustColorForContrast
FNDA:9,validateContrast
DA:1,1
DA:23,1
DA:24,93
DA:26,93
DA:27,93
DA:28,93
DA:29,93
DA:30,93
DA:31,93
DA:32,93
DA:33,93
DA:38,93
DA:39,58
DA:40,58
DA:41,58
DA:42,58
DA:43,58
DA:44,58
DA:45,58
DA:46,58
DA:47,58
DA:48,58
DA:49,58
DA:50,58
DA:51,58
DA:52,58
DA:53,58
DA:54,58
DA:55,58
DA:57,58
DA:58,58
DA:63,93
DA:64,59
DA:65,59
DA:68,59
DA:69,56
DA:70,56
DA:71,56
DA:72,56
DA:73,56
DA:74,56
DA:75,56
DA:76,56
DA:77,56
DA:78,56
DA:79,56
DA:80,56
DA:81,56
DA:82,56
DA:85,59
DA:86,54
DA:87,54
DA:88,54
DA:89,54
DA:90,54
DA:91,54
DA:92,54
DA:93,54
DA:94,54
DA:95,54
DA:96,54
DA:97,54
DA:98,54
DA:99,54
DA:102,59
DA:103,59
DA:104,59
DA:105,59
DA:106,59
DA:107,59
DA:108,59
DA:109,59
DA:110,59
DA:111,59
DA:112,59
DA:113,59
DA:114,59
DA:117,59
DA:118,59
DA:119,59
DA:120,59
DA:121,59
DA:122,59
DA:125,59
DA:126,57
DA:127,57
DA:129,59
DA:130,59
DA:135,93
DA:136,59
DA:139,59
DA:140,59
DA:141,108
DA:142,108
DA:143,56
DA:144,52
DA:145,50
DA:146,2
DA:147,108
DA:148,108
DA:149,108
DA:150,108
DA:151,59
DA:154,59
DA:155,59
DA:156,59
DA:157,527
DA:158,527
DA:159,527
DA:160,527
DA:161,59
DA:164,59
DA:165,59
DA:166,59
DA:167,59
DA:168,59
DA:169,59
DA:170,59
DA:171,59
DA:172,59
DA:173,59
DA:174,59
DA:177,59
DA:178,59
DA:179,59
DA:180,59
DA:181,59
DA:182,59
DA:183,59
DA:184,59
DA:186,59
DA:187,59
DA:192,93
DA:193,59
DA:196,59
DA:197,59
DA:198,56
DA:199,3
DA:200,59
DA:202,59
DA:203,414
DA:204,414
DA:205,414
DA:206,414
DA:207,414
DA:208,59
DA:211,59
DA:212,59
DA:213,59
DA:214,59
DA:215,59
DA:216,59
DA:217,59
DA:218,59
DA:219,59
DA:220,59
DA:221,59
DA:222,59
DA:223,59
DA:224,59
DA:225,59
DA:226,59
DA:227,59
DA:228,59
DA:229,59
DA:230,59
DA:231,59
DA:232,59
DA:233,59
DA:234,59
DA:235,59
DA:236,59
DA:237,59
DA:238,59
DA:240,59
DA:241,59
DA:246,93
DA:247,59
DA:248,59
DA:251,59
DA:252,59
DA:253,59
DA:254,59
DA:255,885
DA:256,885
DA:257,885
DA:258,885
DA:259,885
DA:260,59
DA:263,59
DA:264,59
DA:265,59
DA:266,59
DA:267,59
DA:268,59
DA:269,59
DA:270,59
DA:271,59
DA:272,59
DA:273,59
DA:274,59
DA:275,59
DA:276,59
DA:277,59
DA:278,59
DA:279,59
DA:280,59
DA:281,59
DA:282,59
DA:284,59
DA:285,59
DA:290,93
DA:291,59
DA:292,59
DA:295,59
DA:296,59
DA:297,4
DA:298,55
DA:299,4
DA:300,51
DA:302,59
DA:303,59
DA:304,59
DA:305,59
DA:306,59
DA:307,59
DA:308,59
DA:309,59
DA:310,59
DA:311,59
DA:312,59
DA:313,59
DA:314,59
DA:315,59
DA:316,59
DA:317,59
DA:318,59
DA:319,59
DA:320,59
DA:322,59
DA:323,59
DA:328,93
DA:329,58
DA:330,58
DA:332,58
DA:333,58
DA:334,58
DA:335,58
DA:336,58
DA:337,58
DA:338,58
DA:339,58
DA:340,58
DA:341,58
DA:342,58
DA:343,58
DA:344,58
DA:345,58
DA:346,58
DA:347,58
DA:348,58
DA:349,58
DA:350,58
DA:351,58
DA:352,58
DA:353,58
DA:354,58
DA:355,58
DA:356,58
DA:358,58
DA:359,58
DA:364,93
DA:365,58
DA:367,58
DA:368,58
DA:369,58
DA:370,58
DA:371,58
DA:373,58
DA:374,58
DA:375,58
DA:376,58
DA:377,58
DA:378,58
DA:380,58
DA:381,58
DA:386,93
DA:387,4
DA:388,4
DA:389,4
DA:390,4
DA:391,4
DA:392,4
DA:393,4
DA:394,4
DA:395,4
DA:396,4
DA:397,4
DA:400,4
DA:401,4
DA:402,4
DA:403,4
DA:404,4
DA:405,4
DA:408,4
DA:409,4
DA:410,4
DA:411,4
DA:412,8
DA:413,8
DA:414,8
DA:415,8
DA:416,8
DA:417,8
DA:418,4
DA:419,4
DA:420,4
DA:421,4
DA:422,36
DA:423,36
DA:424,36
DA:425,4
DA:426,4
DA:427,4
DA:428,4
DA:429,36
DA:430,36
DA:431,36
DA:432,4
DA:433,4
DA:434,4
DA:435,4
DA:436,24
DA:437,24
DA:438,24
DA:439,4
DA:440,4
DA:441,4
DA:444,4
DA:445,4
DA:446,57
DA:447,57
DA:448,57
DA:449,4
DA:450,4
DA:453,4
DA:454,4
DA:455,28
DA:456,28
DA:457,28
DA:458,4
DA:459,4
DA:461,4
DA:462,4
DA:464,93
DA:465,20
DA:466,20
DA:467,20
DA:468,20
DA:469,20
DA:470,164
DA:471,164
DA:472,148
DA:473,164
DA:474,16
DA:475,16
DA:476,20
DA:477,20
DA:480,93
DA:481,59
DA:482,59
DA:483,59
DA:484,59
DA:485,59
DA:486,59
DA:487,59
DA:488,59
DA:489,59
DA:490,59
DA:491,59
DA:492,59
DA:493,59
DA:494,59
DA:495,59
DA:496,59
DA:497,59
DA:498,59
DA:499,59
DA:500,59
DA:501,59
DA:502,59
DA:503,59
DA:504,59
DA:505,59
DA:506,59
DA:507,59
DA:508,59
DA:509,59
DA:510,59
DA:511,59
DA:512,59
DA:513,59
DA:514,59
DA:515,59
DA:516,59
DA:518,93
DA:519,235
DA:520,235
DA:521,235
DA:522,235
DA:523,235
DA:524,235
DA:525,235
DA:527,93
DA:528,2567
DA:529,2567
DA:530,2564
DA:531,2564
DA:532,2564
DA:533,2564
DA:534,2564
DA:535,3
DA:536,2567
DA:538,93
DA:539,1353
DA:540,1353
DA:542,93
DA:543,552
DA:544,552
DA:546,551
DA:547,551
DA:548,551
DA:550,551
DA:551,552
DA:553,93
DA:554,803
DA:555,803
DA:557,802
DA:558,802
DA:559,802
DA:561,802
DA:562,803
DA:564,93
DA:565,1212
DA:566,1212
DA:568,1211
DA:569,3633
DA:570,3633
DA:571,1211
DA:573,1211
DA:574,1212
DA:576,93
DA:577,606
DA:578,606
DA:579,606
DA:580,606
DA:582,606
DA:583,606
DA:585,93
DA:589,57
DA:592,57
DA:593,57
DA:595,57
DA:596,57
DA:597,228
DA:598,228
DA:599,228
DA:600,228
DA:601,228
DA:602,228
DA:604,228
DA:606,114
DA:607,114
DA:608,114
DA:609,114
DA:610,114
DA:611,114
DA:612,114
DA:613,228
DA:614,57
DA:615,57
DA:616,57
DA:618,93
DA:619,118
DA:620,118
DA:621,118
DA:622,118
DA:623,118
DA:624,118
DA:627,118
DA:628,118
DA:629,118
DA:630,251
DA:631,251
DA:632,251
DA:633,251
DA:634,118
DA:636,118
DA:637,118
DA:642,93
DA:643,9
DA:644,9
DA:646,9
DA:647,9
DA:648,4
DA:649,4
DA:650,4
DA:651,4
DA:652,4
DA:653,4
DA:655,9
DA:656,9
DA:657,9
DA:658,9
DA:659,9
DA:660,9
DA:661,93
DA:663,1
LF:518
LH:518
BRDA:23,0,0,93
BRDA:26,1,0,93
BRDA:38,2,0,58
BRDA:63,3,0,59
BRDA:68,4,0,56
BRDA:85,5,0,54
BRDA:125,6,0,57
BRDA:135,7,0,59
BRDA:140,8,0,108
BRDA:142,9,0,56
BRDA:143,10,0,52
BRDA:144,11,0,50
BRDA:145,12,0,2
BRDA:156,13,0,527
BRDA:192,14,0,59
BRDA:197,15,0,56
BRDA:198,16,0,3
BRDA:202,17,0,414
BRDA:246,18,0,59
BRDA:254,19,0,885
BRDA:290,20,0,59
BRDA:296,21,0,4
BRDA:297,22,0,55
BRDA:298,23,0,4
BRDA:299,24,0,51
BRDA:328,25,0,58
BRDA:364,26,0,58
BRDA:386,27,0,4
BRDA:411,28,0,8
BRDA:421,29,0,36
BRDA:428,30,0,36
BRDA:435,31,0,24
BRDA:445,32,0,57
BRDA:454,33,0,28
BRDA:464,34,0,20
BRDA:469,35,0,164
BRDA:470,36,0,148
BRDA:470,37,0,16
BRDA:471,38,0,148
BRDA:473,39,0,16
BRDA:480,40,0,59
BRDA:515,41,0,0
BRDA:518,42,0,235
BRDA:524,43,0,0
BRDA:527,44,0,2567
BRDA:529,45,0,2564
BRDA:534,46,0,3
BRDA:538,47,0,1353
BRDA:542,48,0,552
BRDA:544,49,0,1
BRDA:544,50,0,551
BRDA:553,51,0,803
BRDA:555,52,0,1
BRDA:555,53,0,802
BRDA:564,54,0,1212
BRDA:566,55,0,1
BRDA:566,56,0,1211
BRDA:568,57,0,3633
BRDA:570,58,0,240
BRDA:570,59,0,3393
BRDA:576,60,0,606
BRDA:585,61,0,57
BRDA:589,62,0,0
BRDA:596,63,0,228
BRDA:604,64,0,114
BRDA:618,65,0,118
BRDA:629,66,0,251
BRDA:629,67,0,251
BRDA:642,68,0,9
BRDA:644,69,0,0
BRDA:647,70,0,4
BRDA:651,71,0,0
BRF:72
BRH:67
end_of_record
TN:
SF:src/generators/wcag-validator.ts
FN:30,<instance_members_initializer>
FN:34,WCAGValidator
FN:42,validateTokens
FN:65,validateColorCombination
FN:112,generateSwatchHTML
FN:347,generateValidationSection
FN:403,extractColors
FN:409,extractColorValues
FN:428,generateColorCombinations
FN:472,generateTestCombinations
FN:547,generateSwatchData
FN:565,calculateLuminance
FN:575,calculateContrastRatio
FN:584,getWCAGLevel
FN:590,adjustColorForContrast
FN:622,hexToRgb
FN:633,rgbToHsl
FN:675,lightenColor
FN:684,darkenColor
FN:693,rgbToHex
FN:700,saveSwatchHTML
FN:712,generateAccessibilityReport
FNF:22
FNH:21
FNDA:55,<instance_members_initializer>
FNDA:55,WCAGValidator
FNDA:20,validateTokens
FNDA:601,validateColorCombination
FNDA:10,generateSwatchHTML
FNDA:9,generateValidationSection
FNDA:39,extractColors
FNDA:256,extractColorValues
FNDA:20,generateColorCombinations
FNDA:9,generateTestCombinations
FNDA:10,generateSwatchData
FNDA:10719,calculateLuminance
FNDA:5317,calculateContrastRatio
FNDA:601,getWCAGLevel
FNDA:422,adjustColorForContrast
FNDA:14539,hexToRgb
FNDA:85,rgbToHsl
FNDA:1055,lightenColor
FNDA:2680,darkenColor
FNDA:3735,rgbToHex
FNDA:0,saveSwatchHTML
FNDA:4,generateAccessibilityReport
DA:30,1
DA:31,55
DA:32,55
DA:34,55
DA:35,55
DA:36,55
DA:37,55
DA:42,55
DA:43,20
DA:44,20
DA:45,20
DA:47,20
DA:48,583
DA:49,583
DA:50,583
DA:51,583
DA:52,583
DA:53,583
DA:54,583
DA:55,583
DA:56,583
DA:57,20
DA:59,20
DA:60,20
DA:65,55
DA:66,601
DA:67,601
DA:68,601
DA:69,601
DA:70,601
DA:71,601
DA:73,601
DA:74,601
DA:76,601
DA:78,389
DA:79,389
DA:80,389
DA:81,389
DA:82,389
DA:85,389
DA:86,389
DA:87,389
DA:88,389
DA:89,389
DA:90,33
DA:91,33
DA:92,33
DA:93,33
DA:94,33
DA:95,33
DA:96,389
DA:98,601
DA:99,601
DA:100,601
DA:101,601
DA:102,601
DA:103,601
DA:104,601
DA:105,601
DA:106,601
DA:107,601
DA:112,55
DA:113,10
DA:114,10
DA:115,10
DA:116,10
DA:117,10
DA:119,10
DA:290,10
DA:291,85
DA:292,85
DA:293,85
DA:294,85
DA:295,43
DA:296,42
DA:297,85
DA:298,85
DA:299,85
DA:300,0
DA:301,0
DA:302,0
DA:304,85
DA:306,85
DA:307,85
DA:310,85
DA:311,85
DA:312,85
DA:313,85
DA:317,85
DA:321,85
DA:327,10
DA:329,10
DA:334,10
DA:335,9
DA:336,9
DA:338,10
DA:344,10
DA:345,10
DA:347,55
DA:348,9
DA:349,9
DA:351,9
DA:360,9
DA:361,0
DA:362,0
DA:363,0
DA:364,0
DA:365,0
DA:366,0
DA:367,0
DA:368,0
DA:369,0
DA:370,0
DA:371,0
DA:372,0
DA:373,0
DA:374,0
DA:376,0
DA:378,0
DA:382,0
DA:384,0
DA:385,0
DA:388,0
DA:393,9
DA:395,9
DA:400,9
DA:401,9
DA:403,55
DA:404,39
DA:405,39
DA:406,39
DA:407,39
DA:409,55
DA:410,256
DA:411,256
DA:412,256
DA:413,256
DA:414,256
DA:415,950
DA:417,950
DA:418,727
DA:419,727
DA:420,346
DA:421,346
DA:422,950
DA:423,217
DA:424,217
DA:425,256
DA:426,256
DA:428,55
DA:430,20
DA:431,20
DA:432,20
DA:435,20
DA:436,182
DA:437,20
DA:438,20
DA:439,182
DA:440,20
DA:441,20
DA:442,182
DA:443,20
DA:446,20
DA:447,56
DA:448,407
DA:449,407
DA:450,407
DA:451,407
DA:452,407
DA:453,407
DA:454,56
DA:455,20
DA:458,20
DA:459,34
DA:460,176
DA:461,176
DA:462,176
DA:463,176
DA:464,176
DA:465,176
DA:466,34
DA:467,20
DA:469,20
DA:470,20
DA:472,55
DA:473,9
DA:474,9
DA:475,9
DA:476,9
DA:479,9
DA:480,9
DA:481,9
DA:482,9
DA:483,9
DA:484,9
DA:485,9
DA:486,9
DA:487,9
DA:488,9
DA:489,9
DA:490,9
DA:491,9
DA:492,9
DA:493,9
DA:494,9
DA:495,9
DA:496,9
DA:497,9
DA:498,9
DA:499,9
DA:500,9
DA:501,9
DA:502,9
DA:503,9
DA:504,9
DA:505,9
DA:506,9
DA:507,9
DA:508,9
DA:509,9
DA:510,9
DA:511,9
DA:512,9
DA:513,9
DA:514,9
DA:515,9
DA:516,9
DA:517,9
DA:518,9
DA:519,9
DA:520,9
DA:521,9
DA:522,9
DA:523,9
DA:524,9
DA:525,9
DA:526,9
DA:527,9
DA:528,9
DA:530,9
DA:531,72
DA:532,72
DA:534,72
DA:535,0
DA:536,0
DA:537,0
DA:538,0
DA:539,0
DA:540,0
DA:541,0
DA:542,9
DA:544,9
DA:545,9
DA:547,55
DA:548,10
DA:549,85
DA:550,85
DA:551,85
DA:553,85
DA:554,85
DA:555,85
DA:556,85
DA:557,85
DA:558,85
DA:559,85
DA:560,85
DA:561,85
DA:562,10
DA:563,10
DA:565,55
DA:566,10719
DA:567,10719
DA:568,32157
DA:569,32157
DA:570,10719
DA:572,10719
DA:573,10719
DA:575,55
DA:576,5317
DA:577,5317
DA:578,5317
DA:579,5317
DA:581,5317
DA:582,5317
DA:584,55
DA:585,601
DA:586,600
DA:587,390
DA:588,601
DA:590,55
DA:591,422
DA:592,422
DA:593,422
DA:594,422
DA:595,422
DA:596,422
DA:598,422
DA:600,422
DA:601,422
DA:602,2680
DA:603,2680
DA:604,2680
DA:605,2680
DA:608,422
DA:609,214
DA:610,214
DA:611,214
DA:612,1055
DA:613,1055
DA:614,1055
DA:615,1055
DA:616,214
DA:617,422
DA:619,422
DA:620,422
DA:622,55
DA:623,14539
DA:624,14539
DA:625,14538
DA:626,14538
DA:627,14538
DA:628,14538
DA:629,14538
DA:630,1
DA:631,14539
DA:633,55
DA:634,85
DA:635,85
DA:636,85
DA:637,85
DA:638,85
DA:639,85
DA:640,85
DA:642,85
DA:643,85
DA:644,85
DA:645,85
DA:646,85
DA:648,85
DA:649,27
DA:650,85
DA:651,58
DA:652,58
DA:654,58
DA:655,58
DA:656,10
DA:657,10
DA:658,58
DA:659,20
DA:660,20
DA:661,58
DA:662,28
DA:663,28
DA:664,58
DA:665,58
DA:666,58
DA:668,85
DA:669,85
DA:670,85
DA:671,85
DA:672,85
DA:673,85
DA:675,55
DA:676,1055
DA:677,1055
DA:678,1055
DA:679,1055
DA:681,1055
DA:682,1055
DA:684,55
DA:685,2680
DA:686,2680
DA:687,2680
DA:688,2680
DA:690,2680
DA:691,2680
DA:693,55
DA:694,3735
DA:695,3735
DA:700,55
DA:701,0
DA:702,0
DA:703,0
DA:704,0
DA:705,0
DA:706,0
DA:707,0
DA:712,55
DA:713,4
DA:714,4
DA:715,4
DA:716,4
DA:718,4
DA:719,4
DA:720,4
DA:721,4
DA:722,4
DA:723,4
DA:725,4
DA:726,4
DA:727,2
DA:728,2
DA:729,117
DA:730,117
DA:731,117
DA:732,117
DA:733,117
DA:734,117
DA:735,11
DA:736,11
DA:737,117
DA:738,2
DA:739,2
DA:741,4
DA:742,4
DA:743,55
DA:745,1
LF:417
LH:380
BRDA:30,0,0,55
BRDA:34,1,0,55
BRDA:42,2,0,20
BRDA:47,3,0,583
BRDA:65,4,0,601
BRDA:76,5,0,389
BRDA:89,6,0,33
BRDA:112,7,0,10
BRDA:334,8,0,9
BRDA:290,9,0,85
BRDA:292,10,0,43
BRDA:292,11,0,42
BRDA:294,12,0,43
BRDA:295,13,0,42
BRDA:299,14,0,0
BRDA:347,15,0,9
BRDA:403,16,0,39
BRDA:409,17,0,256
BRDA:414,18,0,950
BRDA:415,19,0,873
BRDA:415,20,0,77
BRDA:417,21,0,944
BRDA:417,22,0,727
BRDA:419,23,0,346
BRDA:422,24,0,223
BRDA:422,25,0,217
BRDA:422,26,0,217
BRDA:428,27,0,20
BRDA:435,28,0,182
BRDA:438,29,0,182
BRDA:441,30,0,182
BRDA:446,31,0,56
BRDA:447,32,0,407
BRDA:458,33,0,34
BRDA:459,34,0,176
BRDA:472,35,0,9
BRDA:530,36,0,72
BRDA:534,37,0,0
BRDA:534,38,0,0
BRDA:547,39,0,10
BRDA:548,40,0,85
BRDA:565,41,0,10719
BRDA:567,42,0,32157
BRDA:569,43,0,3071
BRDA:569,44,0,29086
BRDA:575,45,0,5317
BRDA:584,46,0,601
BRDA:585,47,0,111
BRDA:585,48,0,600
BRDA:585,49,0,490
BRDA:586,50,0,100
BRDA:586,51,0,390
BRDA:590,52,0,422
BRDA:601,53,0,2894
BRDA:601,54,0,2680
BRDA:608,55,0,214
BRDA:611,56,0,1088
BRDA:611,57,0,1055
BRDA:622,58,0,14539
BRDA:624,59,0,14538
BRDA:629,60,0,1
BRDA:633,61,0,85
BRDA:648,62,0,27
BRDA:650,63,0,58
BRDA:652,64,0,37
BRDA:652,65,0,21
BRDA:655,66,0,10
BRDA:656,67,0,0
BRDA:658,68,0,20
BRDA:661,69,0,28
BRDA:675,70,0,1055
BRDA:684,71,0,2680
BRDA:693,72,0,3735
BRDA:712,73,0,4
BRDA:726,74,0,2
BRDA:714,75,0,173
BRDA:721,76,0,173
BRDA:722,77,0,173
BRDA:723,78,0,173
BRDA:725,79,0,173
BRDA:728,80,0,117
BRDA:734,81,0,11
BRF:82
BRH:78
end_of_record
TN:
SF:src/prompts/ai-design-prompts.ts
FNF:0
FNH:0
DA:3,1
DA:115,1
LF:2
LH:2
BRF:0
BRH:0
end_of_record
TN:
SF:src/prompts/define-design-principles.ts
FN:1,defineDesignPrinciplesPrompt
FNF:1
FNH:1
FNDA:2,defineDesignPrinciplesPrompt
DA:1,1
DA:2,2
DA:3,2
DA:4,2
DA:5,2
DA:6,2
DA:7,2
DA:8,2
DA:25,2
DA:26,2
DA:27,2
DA:28,2
DA:29,2
LF:13
LH:13
BRDA:1,0,0,2
BRF:1
BRH:1
end_of_record
TN:
SF:src/prompts/generate-component-prompt.ts
FN:9,generateComponentPrompt
FN:156,getPropType
FNF:2
FNH:2
FNDA:9,generateComponentPrompt
FNDA:43,getPropType
DA:9,1
DA:10,9
DA:11,2
DA:12,2
DA:13,2
DA:14,2
DA:15,2
DA:16,2
DA:17,2
DA:18,2
DA:19,2
DA:20,2
DA:21,2
DA:22,2
DA:24,7
DA:27,7
DA:28,7
DA:29,7
DA:30,7
DA:31,7
DA:32,7
DA:33,7
DA:34,7
DA:35,7
DA:36,7
DA:37,7
DA:38,7
DA:39,7
DA:40,7
DA:41,7
DA:42,7
DA:43,7
DA:44,7
DA:45,7
DA:46,7
DA:47,7
DA:48,7
DA:49,7
DA:50,7
DA:51,7
DA:52,7
DA:53,7
DA:54,7
DA:55,7
DA:56,7
DA:57,7
DA:58,7
DA:59,7
DA:60,7
DA:61,7
DA:62,7
DA:63,7
DA:64,7
DA:65,7
DA:66,7
DA:67,7
DA:69,9
DA:70,1
DA:71,1
DA:72,1
DA:73,1
DA:75,9
DA:76,2
DA:78,2
DA:79,2
DA:81,5
DA:83,9
DA:84,2
DA:86,2
DA:87,2
DA:88,2
DA:90,5
DA:92,9
DA:93,9
DA:94,9
DA:95,9
DA:96,9
DA:97,9
DA:98,9
DA:100,9
DA:101,9
DA:107,9
DA:108,9
DA:115,9
DA:118,9
DA:122,9
DA:131,9
DA:133,9
DA:137,9
DA:150,9
DA:151,9
DA:152,9
DA:153,9
DA:154,9
DA:156,43
DA:157,43
DA:158,43
DA:159,43
DA:160,43
DA:161,43
DA:162,43
DA:163,43
DA:164,43
DA:165,43
DA:166,43
DA:167,43
DA:168,43
DA:169,43
DA:170,43
DA:171,43
DA:172,43
DA:173,43
DA:174,43
DA:175,43
DA:176,43
DA:177,43
LF:116
LH:116
BRDA:9,0,0,9
BRDA:10,1,0,8
BRDA:10,2,0,2
BRDA:22,3,0,7
BRDA:69,4,0,1
BRDA:75,5,0,2
BRDA:79,6,0,5
BRDA:83,7,0,2
BRDA:88,8,0,5
BRDA:108,9,0,7
BRDA:115,10,0,6
BRDA:118,11,0,7
BRDA:108,12,0,43
BRDA:115,13,0,25
BRDA:118,14,0,23
BRDA:156,15,0,43
BRDA:176,16,0,2
BRF:17
BRH:17
end_of_record
TN:
SF:src/prompts/plan-component-library.ts
FN:8,planComponentLibraryPrompt
FNF:1
FNH:1
FNDA:4,planComponentLibraryPrompt
DA:8,1
DA:9,4
DA:10,2
DA:12,2
DA:13,2
DA:14,2
DA:15,2
DA:17,2
DA:19,4
DA:20,2
DA:22,2
DA:23,2
DA:24,2
DA:26,2
DA:28,4
DA:29,4
DA:30,4
DA:31,4
DA:32,4
DA:33,4
DA:34,4
DA:105,4
DA:106,4
DA:107,4
DA:108,4
DA:109,4
LF:26
LH:26
BRDA:8,0,0,4
BRDA:9,1,0,3
BRDA:9,2,0,2
BRDA:15,3,0,2
BRDA:19,4,0,3
BRDA:19,5,0,2
BRDA:24,6,0,2
BRF:7
BRH:7
end_of_record
TN:
SF:src/scripts/validate-tokens.ts
FN:1,(empty-report)
FNF:1
FNH:1
FNDA:1,(empty-report)
DA:3,0
DA:4,0
DA:5,0
DA:10,0
DA:11,0
DA:12,0
DA:13,0
DA:16,0
DA:18,0
DA:19,0
DA:20,0
DA:21,0
DA:22,0
DA:23,0
DA:24,0
DA:25,0
DA:26,0
DA:27,0
DA:28,0
DA:29,0
DA:30,0
DA:33,0
DA:35,0
DA:36,0
DA:38,0
LF:25
LH:0
BRDA:1,0,0,1
BRF:1
BRH:1
end_of_record
TN:
SF:src/tools/define-design-principles.ts
FN:1,defineDesignPrinciplesTool
FNF:1
FNH:1
FNDA:1,defineDesignPrinciplesTool
DA:1,1
DA:2,1
DA:3,1
DA:21,1
DA:22,1
DA:23,1
DA:24,1
DA:25,1
DA:26,1
DA:27,1
DA:28,1
DA:29,1
DA:30,0
DA:31,0
DA:32,0
DA:33,0
DA:34,0
DA:35,0
DA:36,0
DA:37,0
DA:38,0
DA:39,0
DA:40,1
LF:23
LH:13
BRDA:1,0,0,1
BRDA:29,1,0,0
BRF:2
BRH:1
end_of_record
TN:
SF:src/tools/extract-design-tokens.ts
FN:9,extractDesignTokensTool
FN:167,generateTailwindV4CSS
FN:217,createFakeDesignInsight
FNF:3
FNH:3
FNDA:1,extractDesignTokensTool
FNDA:1,generateTailwindV4CSS
FNDA:1,createFakeDesignInsight
DA:2,1
DA:9,1
DA:10,1
DA:12,1
DA:19,1
DA:20,1
DA:21,1
DA:22,1
DA:23,1
DA:24,1
DA:25,1
DA:26,1
DA:27,1
DA:28,1
DA:29,1
DA:30,1
DA:31,1
DA:32,1
DA:33,1
DA:34,1
DA:35,1
DA:36,1
DA:37,1
DA:38,1
DA:39,1
DA:40,1
DA:41,1
DA:42,1
DA:43,1
DA:44,1
DA:45,1
DA:46,1
DA:47,1
DA:48,1
DA:49,1
DA:50,1
DA:51,1
DA:52,1
DA:53,1
DA:54,1
DA:55,1
DA:56,1
DA:57,1
DA:58,1
DA:59,1
DA:60,1
DA:61,1
DA:62,1
DA:63,1
DA:64,1
DA:65,1
DA:66,1
DA:67,1
DA:68,1
DA:69,1
DA:70,1
DA:71,1
DA:72,1
DA:73,1
DA:74,1
DA:75,1
DA:76,1
DA:77,1
DA:78,1
DA:79,1
DA:80,1
DA:81,1
DA:82,1
DA:83,1
DA:84,1
DA:85,1
DA:86,1
DA:87,1
DA:88,1
DA:89,1
DA:90,1
DA:91,1
DA:92,1
DA:93,1
DA:94,1
DA:95,1
DA:96,1
DA:97,1
DA:98,1
DA:99,1
DA:100,1
DA:101,1
DA:102,1
DA:103,1
DA:104,1
DA:105,1
DA:106,1
DA:107,1
DA:108,1
DA:109,1
DA:110,1
DA:111,1
DA:112,1
DA:113,1
DA:114,1
DA:117,1
DA:118,1
DA:119,1
DA:122,1
DA:124,1
DA:125,1
DA:126,1
DA:127,1
DA:128,1
DA:131,1
DA:132,1
DA:133,1
DA:134,1
DA:135,1
DA:136,1
DA:141,1
DA:147,1
DA:151,1
DA:152,1
DA:153,1
DA:154,1
DA:155,0
DA:156,0
DA:157,0
DA:158,0
DA:159,0
DA:160,0
DA:161,0
DA:162,0
DA:163,0
DA:164,0
DA:165,1
DA:167,1
DA:168,1
DA:171,1
DA:172,24
DA:173,1
DA:176,1
DA:179,1
DA:180,9
DA:181,1
DA:184,1
DA:185,6
DA:186,1
DA:189,1
DA:190,5
DA:191,1
DA:194,1
DA:195,1
DA:196,18
DA:197,1
DA:200,1
DA:201,1
DA:202,9
DA:203,1
DA:206,1
DA:207,1
DA:208,1
DA:209,6
DA:210,1
DA:211,1
DA:213,1
DA:214,1
DA:215,1
DA:217,1
DA:219,1
DA:220,1
DA:221,1
DA:222,1
DA:223,1
DA:224,1
DA:225,1
DA:226,1
DA:227,1
LF:174
LH:164
BRDA:9,0,0,1
BRDA:136,1,0,0
BRDA:154,2,0,0
BRDA:167,3,0,1
BRDA:171,4,0,24
BRDA:179,5,0,9
BRDA:184,6,0,6
BRDA:189,7,0,5
BRDA:195,8,0,18
BRDA:201,9,0,9
BRDA:208,10,0,6
BRDA:217,11,0,1
BRDA:222,12,0,18
BRF:13
BRH:11
end_of_record
TN:
SF:src/tools/generate-component-prompt.ts
FN:7,generateComponentPromptTool
FN:169,getPropType
FNF:2
FNH:1
FNDA:1,generateComponentPromptTool
FNDA:0,getPropType
DA:7,1
DA:8,1
DA:9,1
DA:10,1
DA:11,1
DA:12,1
DA:13,1
DA:14,1
DA:15,1
DA:16,1
DA:17,1
DA:18,1
DA:19,1
DA:20,1
DA:21,1
DA:23,0
DA:26,0
DA:27,0
DA:28,0
DA:29,0
DA:30,0
DA:31,0
DA:32,0
DA:33,0
DA:34,0
DA:35,0
DA:36,0
DA:37,0
DA:38,0
DA:39,0
DA:40,0
DA:41,0
DA:42,0
DA:43,0
DA:44,0
DA:45,0
DA:46,0
DA:47,0
DA:48,0
DA:49,0
DA:50,0
DA:51,0
DA:52,0
DA:53,0
DA:54,0
DA:55,0
DA:56,0
DA:57,0
DA:58,0
DA:59,0
DA:60,0
DA:61,0
DA:62,0
DA:63,0
DA:64,0
DA:65,0
DA:66,0
DA:67,0
DA:68,0
DA:69,0
DA:70,0
DA:71,0
DA:72,0
DA:73,0
DA:75,0
DA:76,0
DA:77,0
DA:78,0
DA:79,0
DA:81,1
DA:82,0
DA:84,0
DA:86,0
DA:88,1
DA:89,0
DA:91,0
DA:93,0
DA:95,1
DA:97,1
DA:98,1
DA:104,1
DA:105,1
DA:112,1
DA:115,1
DA:119,1
DA:128,1
DA:130,1
DA:134,1
DA:148,1
DA:149,1
DA:150,1
DA:151,1
DA:152,1
DA:153,1
DA:154,1
DA:155,1
DA:156,1
DA:157,0
DA:158,0
DA:159,0
DA:160,0
DA:161,0
DA:162,0
DA:163,0
DA:164,0
DA:165,0
DA:166,0
DA:167,1
DA:169,0
DA:170,0
DA:171,0
DA:172,0
DA:173,0
DA:174,0
DA:175,0
DA:176,0
DA:177,0
DA:178,0
DA:179,0
DA:180,0
DA:181,0
DA:182,0
DA:183,0
DA:184,0
DA:185,0
DA:186,0
DA:187,0
DA:188,0
DA:189,0
DA:190,0
LF:130
LH:38
BRDA:7,0,0,1
BRDA:21,1,0,0
BRDA:81,2,0,0
BRDA:84,3,0,0
BRDA:88,4,0,0
BRDA:91,5,0,0
BRDA:105,6,0,0
BRDA:112,7,0,0
BRDA:115,8,0,0
BRDA:156,9,0,0
BRF:10
BRH:1
end_of_record
TN:
SF:src/tools/generate-style-showcase.ts
FN:43,generateStyleShowcaseTool
FN:112,generateHTMLShowcase
FN:289,generateReactShowcase
FNF:3
FNH:1
FNDA:1,generateStyleShowcaseTool
FNDA:0,generateHTMLShowcase
FNDA:0,generateReactShowcase
DA:1,1
DA:2,1
DA:11,1
DA:12,1
DA:13,1
DA:14,1
DA:15,1
DA:16,1
DA:17,1
DA:18,1
DA:19,1
DA:20,1
DA:21,1
DA:22,1
DA:23,1
DA:24,1
DA:25,1
DA:26,1
DA:27,1
DA:28,1
DA:29,1
DA:30,1
DA:31,1
DA:32,1
DA:33,1
DA:34,1
DA:35,1
DA:36,1
DA:37,1
DA:38,1
DA:39,1
DA:40,1
DA:41,1
DA:43,1
DA:44,1
DA:45,1
DA:46,1
DA:48,1
DA:49,1
DA:51,0
DA:52,0
DA:53,0
DA:54,0
DA:56,0
DA:57,0
DA:58,0
DA:59,0
DA:60,0
DA:62,0
DA:72,0
DA:73,0
DA:74,0
DA:75,0
DA:76,0
DA:77,0
DA:78,0
DA:80,0
DA:81,0
DA:82,0
DA:83,0
DA:84,0
DA:86,0
DA:95,0
DA:96,0
DA:97,0
DA:98,0
DA:99,1
DA:100,1
DA:101,1
DA:102,1
DA:103,1
DA:104,1
DA:105,1
DA:106,1
DA:107,1
DA:108,1
DA:109,1
DA:110,1
DA:112,0
DA:113,0
DA:127,0
DA:226,0
DA:227,0
DA:228,0
DA:230,0
DA:231,0
DA:232,0
DA:235,0
DA:236,0
DA:242,0
DA:243,0
DA:244,0
DA:246,0
DA:247,0
DA:251,0
DA:252,0
DA:258,0
DA:259,0
DA:260,0
DA:261,0
DA:262,0
DA:265,0
DA:266,0
DA:273,0
DA:274,0
DA:275,0
DA:276,0
DA:277,0
DA:280,0
DA:281,0
DA:287,0
DA:289,0
DA:290,0
DA:305,0
DA:307,0
DA:309,0
DA:311,0
DA:384,0
LF:118
LH:51
BRDA:43,0,0,1
BRDA:49,1,0,0
BRDA:104,2,0,0
BRF:3
BRH:1
end_of_record
TN:
SF:src/tools/init-project.ts
FN:9,initProjectTool
FNF:1
FNH:1
FNDA:1,initProjectTool
DA:1,1
DA:2,1
DA:9,1
DA:10,1
DA:11,1
DA:13,1
DA:15,1
DA:18,1
DA:19,1
DA:20,1
DA:21,1
DA:22,1
DA:23,1
DA:24,1
DA:25,1
DA:26,1
DA:27,1
DA:28,1
DA:29,1
DA:30,1
DA:31,1
DA:32,1
DA:33,1
DA:34,1
DA:35,1
DA:36,1
DA:37,1
DA:38,1
DA:39,1
DA:40,1
DA:41,1
DA:42,1
DA:43,1
DA:44,1
DA:45,1
DA:46,1
DA:47,1
DA:48,1
DA:49,1
DA:50,1
DA:51,1
DA:52,1
DA:53,1
DA:54,1
DA:55,1
DA:56,1
DA:57,1
DA:58,1
DA:59,1
DA:60,1
DA:62,1
DA:63,1
DA:64,1
DA:65,1
DA:68,1
DA:69,1
DA:70,1
DA:71,1
DA:72,1
DA:73,1
DA:74,1
DA:75,1
DA:76,1
DA:77,1
DA:78,1
DA:79,1
DA:80,1
DA:81,1
DA:82,1
DA:83,1
DA:84,1
DA:85,1
DA:86,1
DA:87,1
DA:88,1
DA:90,1
DA:91,1
DA:92,1
DA:93,1
DA:96,1
DA:107,1
DA:110,1
DA:118,1
DA:121,1
DA:160,1
DA:163,1
DA:181,1
DA:182,1
DA:185,1
DA:202,1
DA:203,1
DA:204,1
DA:205,1
DA:208,1
DA:213,1
DA:226,1
DA:229,1
DA:241,1
DA:244,1
DA:250,1
DA:259,1
DA:262,1
DA:274,1
DA:277,1
DA:301,1
DA:303,1
DA:304,1
DA:305,1
DA:306,1
DA:307,1
DA:310,1
DA:321,1
DA:322,1
DA:323,1
DA:324,1
DA:325,0
DA:326,0
DA:327,0
DA:328,0
DA:329,0
DA:330,0
DA:331,0
DA:332,0
DA:333,0
DA:334,0
DA:335,1
LF:126
LH:116
BRDA:9,0,0,1
BRDA:324,1,0,0
BRF:2
BRH:1
end_of_record
TN:
SF:src/tools/plan-component-library.ts
FN:8,planComponentLibraryTool
FNF:1
FNH:1
FNDA:1,planComponentLibraryTool
DA:8,1
DA:9,1
DA:10,1
DA:11,1
DA:12,1
DA:13,0
DA:15,0
DA:17,1
DA:19,1
DA:20,0
DA:22,0
DA:24,1
DA:26,1
DA:98,1
DA:99,1
DA:100,1
DA:101,1
DA:102,1
DA:103,1
DA:104,1
DA:105,1
DA:106,1
DA:107,0
DA:108,0
DA:109,0
DA:110,0
DA:111,0
DA:112,0
DA:113,0
DA:114,0
DA:115,0
DA:116,0
DA:117,1
LF:33
LH:19
BRDA:8,0,0,1
BRDA:12,1,0,0
BRDA:19,2,0,0
BRDA:106,3,0,0
BRF:4
BRH:1
end_of_record
TN:
SF:src/types/index.ts
FNF:0
FNH:0
DA:42,1
DA:44,1
DA:45,1
DA:46,1
DA:47,1
DA:48,1
DA:50,1
DA:51,0
DA:52,1
LF:9
LH:8
BRF:0
BRH:0
end_of_record
TN:
SF:src/utils/cn.ts
FN:4,cn
FNF:1
FNH:0
FNDA:0,cn
DA:1,1
DA:2,1
DA:4,1
DA:5,0
DA:6,0
LF:5
LH:3
BRF:0
BRH:0
end_of_record
TN:
SF:src/utils/file-system.ts
FN:4,ensureDir
FN:13,writeFile
FN:22,copyTemplate
FN:30,fileExists
FNF:4
FNH:2
FNDA:15,ensureDir
FNDA:12,writeFile
FNDA:0,copyTemplate
FNDA:0,fileExists
DA:1,1
DA:2,1
DA:4,15
DA:5,15
DA:6,15
DA:7,15
DA:8,1
DA:9,1
DA:10,1
DA:11,15
DA:13,12
DA:14,12
DA:15,12
DA:16,12
DA:17,12
DA:18,12
DA:19,12
DA:20,12
DA:22,0
DA:23,0
DA:24,0
DA:25,0
DA:26,0
DA:27,0
DA:28,0
DA:30,0
DA:31,0
DA:32,0
DA:33,0
DA:34,0
DA:35,0
DA:36,0
DA:37,0
LF:33
LH:18
BRDA:4,0,0,15
BRDA:6,1,0,14
BRDA:7,2,0,1
BRDA:13,3,0,12
BRF:4
BRH:4
end_of_record
TN:
SF:src/workflows/inspiration-to-system.ts
FN:43,<instance_members_initializer>
FN:51,InspirationToSystemWorkflow
FN:63,generateDesignSystem
FN:119,analyzeInspiration
FN:153,buildContextString
FN:178,generateTokens
FN:199,parseColorPreferences
FN:233,inferPrinciples
FN:254,planComponents
FN:276,createImplementationGuide
FN:306,callLLM
FN:332,generateProjectFiles
FN:447,generateTailwindTokens
FN:484,generateComponentPlanMarkdown
FN:510,extractDesignInsight
FN:522,calculatePassRate
FNF:16
FNH:7
FNDA:17,<instance_members_initializer>
FNDA:17,InspirationToSystemWorkflow
FNDA:0,generateDesignSystem
FNDA:0,analyzeInspiration
FNDA:3,buildContextString
FNDA:0,generateTokens
FNDA:5,parseColorPreferences
FNDA:0,inferPrinciples
FNDA:0,planComponents
FNDA:0,createImplementationGuide
FNDA:2,callLLM
FNDA:0,generateProjectFiles
FNDA:2,generateTailwindTokens
FNDA:2,generateComponentPlanMarkdown
FNDA:0,extractDesignInsight
FNDA:0,calculatePassRate
DA:7,1
DA:8,1
DA:9,1
DA:10,1
DA:11,1
DA:12,1
DA:13,1
DA:14,1
DA:43,1
DA:44,17
DA:45,17
DA:46,17
DA:47,17
DA:48,17
DA:49,17
DA:51,17
DA:52,17
DA:53,17
DA:54,17
DA:55,17
DA:56,17
DA:57,17
DA:58,17
DA:63,17
DA:64,0
DA:65,0
DA:66,0
DA:73,0
DA:75,0
DA:78,0
DA:79,0
DA:80,0
DA:81,0
DA:84,0
DA:85,0
DA:86,0
DA:87,0
DA:88,0
DA:91,0
DA:94,0
DA:95,0
DA:96,0
DA:97,0
DA:98,0
DA:101,0
DA:102,0
DA:103,0
DA:104,0
DA:105,0
DA:106,0
DA:107,0
DA:108,0
DA:110,0
DA:111,0
DA:112,0
DA:113,0
DA:114,0
DA:115,0
DA:116,0
DA:117,0
DA:119,17
DA:120,0
DA:121,0
DA:123,0
DA:125,0
DA:126,0
DA:127,0
DA:128,0
DA:129,0
DA:130,0
DA:131,0
DA:132,0
DA:133,0
DA:134,0
DA:135,0
DA:136,0
DA:137,0
DA:138,0
DA:139,0
DA:140,0
DA:141,0
DA:142,0
DA:143,0
DA:145,0
DA:146,0
DA:147,0
DA:148,0
DA:149,0
DA:150,0
DA:151,0
DA:153,17
DA:154,3
DA:156,3
DA:157,3
DA:158,3
DA:159,3
DA:160,3
DA:161,3
DA:162,1
DA:163,1
DA:164,3
DA:165,3
DA:166,1
DA:167,1
DA:168,3
DA:169,3
DA:170,1
DA:171,1
DA:172,3
DA:173,3
DA:175,3
DA:176,3
DA:178,17
DA:179,0
DA:180,0
DA:181,0
DA:183,0
DA:186,0
DA:189,0
DA:190,0
DA:191,0
DA:192,0
DA:193,0
DA:194,0
DA:196,0
DA:197,0
DA:199,17
DA:200,5
DA:201,5
DA:202,5
DA:204,5
DA:206,19
DA:207,4
DA:208,19
DA:210,15
DA:211,15
DA:212,15
DA:213,15
DA:214,15
DA:215,15
DA:216,15
DA:217,15
DA:218,15
DA:219,15
DA:220,15
DA:221,15
DA:223,15
DA:224,15
DA:225,14
DA:226,14
DA:227,15
DA:228,5
DA:230,5
DA:231,5
DA:233,17
DA:234,0
DA:235,0
DA:236,0
DA:237,0
DA:239,0
DA:242,0
DA:243,0
DA:244,0
DA:247,0
DA:248,0
DA:249,0
DA:251,0
DA:252,0
DA:254,17
DA:255,0
DA:256,0
DA:257,0
DA:258,0
DA:260,0
DA:261,0
DA:272,0
DA:273,0
DA:274,0
DA:276,17
DA:277,0
DA:278,0
DA:279,0
DA:280,0
DA:281,0
DA:290,0
DA:293,0
DA:294,0
DA:295,0
DA:300,0
DA:304,0
DA:306,17
DA:307,2
DA:309,1
DA:310,1
DA:311,1
DA:312,1
DA:313,1
DA:314,1
DA:315,1
DA:316,1
DA:317,1
DA:318,1
DA:319,1
DA:320,1
DA:321,1
DA:322,1
DA:323,1
DA:324,1
DA:325,1
DA:326,1
DA:327,1
DA:329,1
DA:330,2
DA:332,17
DA:333,0
DA:334,0
DA:335,0
DA:336,0
DA:337,0
DA:338,0
DA:339,0
DA:341,0
DA:342,0
DA:343,0
DA:344,0
DA:345,0
DA:346,0
DA:347,0
DA:348,0
DA:349,0
DA:353,0
DA:354,0
DA:355,0
DA:356,0
DA:357,0
DA:360,0
DA:361,0
DA:362,0
DA:363,0
DA:364,0
DA:365,0
DA:368,0
DA:369,0
DA:370,0
DA:371,0
DA:372,0
DA:373,0
DA:376,0
DA:377,0
DA:378,0
DA:379,0
DA:382,0
DA:383,0
DA:384,0
DA:386,0
DA:387,0
DA:389,0
DA:390,0
DA:391,0
DA:392,0
DA:393,0
DA:394,0
DA:395,0
DA:398,0
DA:399,0
DA:402,0
DA:403,0
DA:404,0
DA:405,0
DA:408,0
DA:409,0
DA:410,0
DA:411,0
DA:414,0
DA:415,0
DA:416,0
DA:417,0
DA:418,0
DA:419,0
DA:420,0
DA:421,0
DA:422,0
DA:423,0
DA:424,0
DA:425,0
DA:426,0
DA:427,0
DA:428,0
DA:429,0
DA:430,0
DA:431,0
DA:432,0
DA:433,0
DA:434,0
DA:435,0
DA:436,0
DA:437,0
DA:438,0
DA:439,0
DA:440,0
DA:441,0
DA:442,0
DA:443,0
DA:444,0
DA:445,0
DA:447,17
DA:448,2
DA:451,2
DA:452,3
DA:453,2
DA:456,2
DA:457,3
DA:458,2
DA:461,2
DA:462,3
DA:463,2
DA:466,2
DA:467,3
DA:468,3
DA:469,3
DA:470,2
DA:472,2
DA:473,3
DA:474,2
DA:476,2
DA:477,3
DA:478,2
DA:480,2
DA:481,2
DA:482,2
DA:484,17
DA:485,2
DA:486,2
DA:487,2
DA:488,2
DA:489,2
DA:490,2
DA:491,2
DA:492,2
DA:493,2
DA:495,2
DA:496,2
DA:497,2
DA:498,2
DA:499,2
DA:500,2
DA:501,2
DA:502,4
DA:503,2
DA:504,2
DA:505,2
DA:507,2
DA:508,2
DA:510,17
DA:512,0
DA:513,0
DA:514,0
DA:515,0
DA:516,0
DA:517,0
DA:518,0
DA:519,0
DA:520,0
DA:522,17
DA:523,0
DA:524,0
DA:525,0
DA:526,0
DA:527,0
DA:528,17
LF:370
LH:154
BRDA:43,0,0,17
BRDA:51,1,0,17
BRDA:153,2,0,3
BRDA:157,3,0,2
BRDA:159,4,0,2
BRDA:161,5,0,1
BRDA:165,6,0,1
BRDA:169,7,0,1
BRDA:173,8,0,1
BRDA:199,9,0,5
BRDA:204,10,0,19
BRDA:206,11,0,4
BRDA:208,12,0,15
BRDA:224,13,0,14
BRDA:306,14,0,2
BRDA:307,15,0,1
BRDA:447,16,0,2
BRDA:451,17,0,3
BRDA:456,18,0,3
BRDA:461,19,0,3
BRDA:466,20,0,3
BRDA:468,21,0,2
BRDA:468,22,0,1
BRDA:472,23,0,3
BRDA:476,24,0,3
BRDA:484,25,0,2
BRDA:495,26,0,2
BRDA:501,27,0,4
BRF:28
BRH:28
end_of_record
